The system is: Darwin - 14.5.0 - x86_64
Compiling the C compiler identification source file "CMakeCCompilerId.c" succeeded.
Compiler:  
Build flags: 
Id flags:  

The output was:
0
=== BUILD TARGET CompilerIdC OF PROJECT CompilerIdC WITH THE DEFAULT CONFIGURATION (Debug) ===

Check dependencies

Write auxiliary files
write-file /Users/esevalero/Desktop/OnePointNav/strings/xcode/CMakeFiles/3.8.2/CompilerIdC/CompilerIdC.build/Debug/CompilerIdC.build/Script-2C8FEB8E15DC1A1A00E56A5D.sh
chmod 0755 /Users/esevalero/Desktop/OnePointNav/strings/xcode/CMakeFiles/3.8.2/CompilerIdC/CompilerIdC.build/Debug/CompilerIdC.build/Script-2C8FEB8E15DC1A1A00E56A5D.sh
write-file /Users/esevalero/Desktop/OnePointNav/strings/xcode/CMakeFiles/3.8.2/CompilerIdC/CompilerIdC.build/Debug/CompilerIdC.build/CompilerIdC.hmap
/bin/mkdir -p /Users/esevalero/Desktop/OnePointNav/strings/xcode/CMakeFiles/3.8.2/CompilerIdC/CompilerIdC.build/Debug/CompilerIdC.build/Objects-normal/x86_64
write-file /Users/esevalero/Desktop/OnePointNav/strings/xcode/CMakeFiles/3.8.2/CompilerIdC/CompilerIdC.build/Debug/CompilerIdC.build/Objects-normal/x86_64/CompilerIdC.LinkFileList

CompileC CompilerIdC.build/Debug/CompilerIdC.build/Objects-normal/x86_64/CMakeCCompilerId.o CMakeCCompilerId.c normal x86_64 c com.apple.compilers.llvm.clang.1_0.compiler
    cd /Users/esevalero/Desktop/OnePointNav/strings/xcode/CMakeFiles/3.8.2/CompilerIdC
    export LANG=en_US.US-ASCII
    /Applications/Xcode.app/Contents/Developer/Toolchains/XcodeDefault.xctoolchain/usr/bin/clang -x c -arch x86_64 -fmessage-length=0 -fdiagnostics-show-note-include-stack -fmacro-backtrace-limit=0 -Wno-trigraphs -fpascal-strings -Os -Wno-missing-field-initializers -Wno-missing-prototypes -Wno-return-type -Wno-missing-braces -Wparentheses -Wswitch -Wno-unused-function -Wno-unused-label -Wno-unused-parameter -Wno-unused-variable -Wunused-value -Wno-empty-body -Wno-uninitialized -Wno-unknown-pragmas -Wno-shadow -Wno-four-char-constants -Wno-conversion -Wno-constant-conversion -Wno-int-conversion -Wno-bool-conversion -Wno-enum-conversion -Wno-shorten-64-to-32 -Wpointer-sign -Wno-newline-eof -isysroot /Applications/Xcode.app/Contents/Developer/Platforms/MacOSX.platform/Developer/SDKs/MacOSX10.11.sdk -fasm-blocks -fstrict-aliasing -Wdeprecated-declarations -mmacosx-version-min=10.10 -g -fvisibility=hidden -Wno-sign-conversion -I/Users/esevalero/Desktop/OnePointNav/strings/xcode/CMakeFiles/3.8.2/CompilerIdC/CompilerIdC.build/Debug/CompilerIdC.build/CompilerIdC.hmap -I/Users/esevalero/Desktop/OnePointNav/strings/xcode/CMakeFiles/3.8.2/CompilerIdC/include -I/Users/esevalero/Desktop/OnePointNav/strings/xcode/CMakeFiles/3.8.2/CompilerIdC/CompilerIdC.build/Debug/CompilerIdC.build/DerivedSources/x86_64 -I/Users/esevalero/Desktop/OnePointNav/strings/xcode/CMakeFiles/3.8.2/CompilerIdC/CompilerIdC.build/Debug/CompilerIdC.build/DerivedSources -F/Users/esevalero/Desktop/OnePointNav/strings/xcode/CMakeFiles/3.8.2/CompilerIdC -MMD -MT dependencies -MF /Users/esevalero/Desktop/OnePointNav/strings/xcode/CMakeFiles/3.8.2/CompilerIdC/CompilerIdC.build/Debug/CompilerIdC.build/Objects-normal/x86_64/CMakeCCompilerId.d --serialize-diagnostics /Users/esevalero/Desktop/OnePointNav/strings/xcode/CMakeFiles/3.8.2/CompilerIdC/CompilerIdC.build/Debug/CompilerIdC.build/Objects-normal/x86_64/CMakeCCompilerId.dia -c /Users/esevalero/Desktop/OnePointNav/strings/xcode/CMakeFiles/3.8.2/CompilerIdC/CMakeCCompilerId.c -o /Users/esevalero/Desktop/OnePointNav/strings/xcode/CMakeFiles/3.8.2/CompilerIdC/CompilerIdC.build/Debug/CompilerIdC.build/Objects-normal/x86_64/CMakeCCompilerId.o

Ld CompilerIdC normal x86_64
    cd /Users/esevalero/Desktop/OnePointNav/strings/xcode/CMakeFiles/3.8.2/CompilerIdC
    export MACOSX_DEPLOYMENT_TARGET=10.10
    /Applications/Xcode.app/Contents/Developer/Toolchains/XcodeDefault.xctoolchain/usr/bin/clang -arch x86_64 -isysroot /Applications/Xcode.app/Contents/Developer/Platforms/MacOSX.platform/Developer/SDKs/MacOSX10.11.sdk -L/Users/esevalero/Desktop/OnePointNav/strings/xcode/CMakeFiles/3.8.2/CompilerIdC -F/Users/esevalero/Desktop/OnePointNav/strings/xcode/CMakeFiles/3.8.2/CompilerIdC -filelist /Users/esevalero/Desktop/OnePointNav/strings/xcode/CMakeFiles/3.8.2/CompilerIdC/CompilerIdC.build/Debug/CompilerIdC.build/Objects-normal/x86_64/CompilerIdC.LinkFileList -mmacosx-version-min=10.10 -Xlinker -dependency_info -Xlinker /Users/esevalero/Desktop/OnePointNav/strings/xcode/CMakeFiles/3.8.2/CompilerIdC/CompilerIdC.build/Debug/CompilerIdC.build/Objects-normal/x86_64/CompilerIdC_dependency_info.dat -o /Users/esevalero/Desktop/OnePointNav/strings/xcode/CMakeFiles/3.8.2/CompilerIdC/CompilerIdC

PhaseScriptExecution Run\ Script CompilerIdC.build/Debug/CompilerIdC.build/Script-2C8FEB8E15DC1A1A00E56A5D.sh
    cd /Users/esevalero/Desktop/OnePointNav/strings/xcode/CMakeFiles/3.8.2/CompilerIdC
    /bin/sh -c /Users/esevalero/Desktop/OnePointNav/strings/xcode/CMakeFiles/3.8.2/CompilerIdC/CompilerIdC.build/Debug/CompilerIdC.build/Script-2C8FEB8E15DC1A1A00E56A5D.sh
GCC_VERSION=com.apple.compilers.llvm.clang.1_0

** BUILD SUCCEEDED **



Compilation of the C compiler identification source "CMakeCCompilerId.c" produced "CompilerIdC"

The C compiler identification is AppleClang, found in "/Users/esevalero/Desktop/OnePointNav/strings/xcode/CMakeFiles/3.8.2/CompilerIdC/CompilerIdC"

Compiling the CXX compiler identification source file "CMakeCXXCompilerId.cpp" succeeded.
Compiler:  
Build flags: 
Id flags:  

The output was:
0
=== BUILD TARGET CompilerIdCXX OF PROJECT CompilerIdCXX WITH THE DEFAULT CONFIGURATION (Debug) ===

Check dependencies

Write auxiliary files
/bin/mkdir -p /Users/esevalero/Desktop/OnePointNav/strings/xcode/CMakeFiles/3.8.2/CompilerIdCXX/CompilerIdCXX.build/Debug/CompilerIdCXX.build/Objects-normal/x86_64
write-file /Users/esevalero/Desktop/OnePointNav/strings/xcode/CMakeFiles/3.8.2/CompilerIdCXX/CompilerIdCXX.build/Debug/CompilerIdCXX.build/Objects-normal/x86_64/CompilerIdCXX.LinkFileList
write-file /Users/esevalero/Desktop/OnePointNav/strings/xcode/CMakeFiles/3.8.2/CompilerIdCXX/CompilerIdCXX.build/Debug/CompilerIdCXX.build/Script-2C8FEB8E15DC1A1A00E56A5D.sh
chmod 0755 /Users/esevalero/Desktop/OnePointNav/strings/xcode/CMakeFiles/3.8.2/CompilerIdCXX/CompilerIdCXX.build/Debug/CompilerIdCXX.build/Script-2C8FEB8E15DC1A1A00E56A5D.sh
write-file /Users/esevalero/Desktop/OnePointNav/strings/xcode/CMakeFiles/3.8.2/CompilerIdCXX/CompilerIdCXX.build/Debug/CompilerIdCXX.build/CompilerIdCXX.hmap

CompileC CompilerIdCXX.build/Debug/CompilerIdCXX.build/Objects-normal/x86_64/CMakeCXXCompilerId.o CMakeCXXCompilerId.cpp normal x86_64 c++ com.apple.compilers.llvm.clang.1_0.compiler
    cd /Users/esevalero/Desktop/OnePointNav/strings/xcode/CMakeFiles/3.8.2/CompilerIdCXX
    export LANG=en_US.US-ASCII
    /Applications/Xcode.app/Contents/Developer/Toolchains/XcodeDefault.xctoolchain/usr/bin/clang -x c++ -arch x86_64 -fmessage-length=0 -fdiagnostics-show-note-include-stack -fmacro-backtrace-limit=0 -Wno-trigraphs -fpascal-strings -Os -Wno-missing-field-initializers -Wno-missing-prototypes -Wno-return-type -Wno-non-virtual-dtor -Wno-overloaded-virtual -Wno-exit-time-destructors -Wno-missing-braces -Wparentheses -Wswitch -Wno-unused-function -Wno-unused-label -Wno-unused-parameter -Wno-unused-variable -Wunused-value -Wno-empty-body -Wno-uninitialized -Wno-unknown-pragmas -Wno-shadow -Wno-four-char-constants -Wno-conversion -Wno-constant-conversion -Wno-int-conversion -Wno-bool-conversion -Wno-enum-conversion -Wno-shorten-64-to-32 -Wno-newline-eof -Wno-c++11-extensions -isysroot /Applications/Xcode.app/Contents/Developer/Platforms/MacOSX.platform/Developer/SDKs/MacOSX10.11.sdk -fasm-blocks -fstrict-aliasing -Wdeprecated-declarations -Winvalid-offsetof -mmacosx-version-min=10.10 -g -fvisibility=hidden -fvisibility-inlines-hidden -Wno-sign-conversion -I/Users/esevalero/Desktop/OnePointNav/strings/xcode/CMakeFiles/3.8.2/CompilerIdCXX/CompilerIdCXX.build/Debug/CompilerIdCXX.build/CompilerIdCXX.hmap -I/Users/esevalero/Desktop/OnePointNav/strings/xcode/CMakeFiles/3.8.2/CompilerIdCXX/include -I/Users/esevalero/Desktop/OnePointNav/strings/xcode/CMakeFiles/3.8.2/CompilerIdCXX/CompilerIdCXX.build/Debug/CompilerIdCXX.build/DerivedSources/x86_64 -I/Users/esevalero/Desktop/OnePointNav/strings/xcode/CMakeFiles/3.8.2/CompilerIdCXX/CompilerIdCXX.build/Debug/CompilerIdCXX.build/DerivedSources -F/Users/esevalero/Desktop/OnePointNav/strings/xcode/CMakeFiles/3.8.2/CompilerIdCXX -MMD -MT dependencies -MF /Users/esevalero/Desktop/OnePointNav/strings/xcode/CMakeFiles/3.8.2/CompilerIdCXX/CompilerIdCXX.build/Debug/CompilerIdCXX.build/Objects-normal/x86_64/CMakeCXXCompilerId.d --serialize-diagnostics /Users/esevalero/Desktop/OnePointNav/strings/xcode/CMakeFiles/3.8.2/CompilerIdCXX/CompilerIdCXX.build/Debug/CompilerIdCXX.build/Objects-normal/x86_64/CMakeCXXCompilerId.dia -c /Users/esevalero/Desktop/OnePointNav/strings/xcode/CMakeFiles/3.8.2/CompilerIdCXX/CMakeCXXCompilerId.cpp -o /Users/esevalero/Desktop/OnePointNav/strings/xcode/CMakeFiles/3.8.2/CompilerIdCXX/CompilerIdCXX.build/Debug/CompilerIdCXX.build/Objects-normal/x86_64/CMakeCXXCompilerId.o

Ld CompilerIdCXX normal x86_64
    cd /Users/esevalero/Desktop/OnePointNav/strings/xcode/CMakeFiles/3.8.2/CompilerIdCXX
    export MACOSX_DEPLOYMENT_TARGET=10.10
    /Applications/Xcode.app/Contents/Developer/Toolchains/XcodeDefault.xctoolchain/usr/bin/clang++ -arch x86_64 -isysroot /Applications/Xcode.app/Contents/Developer/Platforms/MacOSX.platform/Developer/SDKs/MacOSX10.11.sdk -L/Users/esevalero/Desktop/OnePointNav/strings/xcode/CMakeFiles/3.8.2/CompilerIdCXX -F/Users/esevalero/Desktop/OnePointNav/strings/xcode/CMakeFiles/3.8.2/CompilerIdCXX -filelist /Users/esevalero/Desktop/OnePointNav/strings/xcode/CMakeFiles/3.8.2/CompilerIdCXX/CompilerIdCXX.build/Debug/CompilerIdCXX.build/Objects-normal/x86_64/CompilerIdCXX.LinkFileList -mmacosx-version-min=10.10 -Xlinker -dependency_info -Xlinker /Users/esevalero/Desktop/OnePointNav/strings/xcode/CMakeFiles/3.8.2/CompilerIdCXX/CompilerIdCXX.build/Debug/CompilerIdCXX.build/Objects-normal/x86_64/CompilerIdCXX_dependency_info.dat -o /Users/esevalero/Desktop/OnePointNav/strings/xcode/CMakeFiles/3.8.2/CompilerIdCXX/CompilerIdCXX

PhaseScriptExecution Run\ Script CompilerIdCXX.build/Debug/CompilerIdCXX.build/Script-2C8FEB8E15DC1A1A00E56A5D.sh
    cd /Users/esevalero/Desktop/OnePointNav/strings/xcode/CMakeFiles/3.8.2/CompilerIdCXX
    /bin/sh -c /Users/esevalero/Desktop/OnePointNav/strings/xcode/CMakeFiles/3.8.2/CompilerIdCXX/CompilerIdCXX.build/Debug/CompilerIdCXX.build/Script-2C8FEB8E15DC1A1A00E56A5D.sh
GCC_VERSION=com.apple.compilers.llvm.clang.1_0

** BUILD SUCCEEDED **



Compilation of the CXX compiler identification source "CMakeCXXCompilerId.cpp" produced "CompilerIdCXX"

The CXX compiler identification is AppleClang, found in "/Users/esevalero/Desktop/OnePointNav/strings/xcode/CMakeFiles/3.8.2/CompilerIdCXX/CompilerIdCXX"

Determining if the C compiler works passed with the following output:
Change Dir: /Users/esevalero/Desktop/OnePointNav/strings/xcode/CMakeFiles/CMakeTmp

Run Build Command:"/usr/bin/xcodebuild" "-project" "CMAKE_TRY_COMPILE.xcodeproj" "build" "-target" "cmTC_1d6dd" "-configuration" "Debug"
=== BUILD TARGET cmTC_1d6dd OF PROJECT CMAKE_TRY_COMPILE WITH CONFIGURATION Debug ===

Check dependencies

Write auxiliary files
/bin/mkdir -p /Users/esevalero/Desktop/OnePointNav/strings/xcode/CMakeFiles/CMakeTmp/CMAKE_TRY_COMPILE.build/Debug/cmTC_1d6dd.build/Objects-normal/x86_64
write-file /Users/esevalero/Desktop/OnePointNav/strings/xcode/CMakeFiles/CMakeTmp/CMAKE_TRY_COMPILE.build/Debug/cmTC_1d6dd.build/Objects-normal/x86_64/cmTC_1d6dd.LinkFileList

CompileC CMAKE_TRY_COMPILE.build/Debug/cmTC_1d6dd.build/Objects-normal/x86_64/testCCompiler.o testCCompiler.c normal x86_64 c com.apple.compilers.llvm.clang.1_0.compiler
    cd /Users/esevalero/Desktop/OnePointNav/strings/xcode/CMakeFiles/CMakeTmp
    export LANG=en_US.US-ASCII
    /Applications/Xcode.app/Contents/Developer/Toolchains/XcodeDefault.xctoolchain/usr/bin/clang -x c -arch x86_64 -fmessage-length=0 -fdiagnostics-show-note-include-stack -fmacro-backtrace-limit=0 -Wno-trigraphs -fpascal-strings -O0 -Wno-missing-field-initializers -Wno-missing-prototypes -Wno-return-type -Wno-missing-braces -Wparentheses -Wswitch -Wno-unused-function -Wno-unused-label -Wno-unused-parameter -Wno-unused-variable -Wunused-value -Wno-empty-body -Wno-uninitialized -Wno-unknown-pragmas -Wno-shadow -Wno-four-char-constants -Wno-conversion -Wno-constant-conversion -Wno-int-conversion -Wno-bool-conversion -Wno-enum-conversion -Wno-shorten-64-to-32 -Wpointer-sign -Wno-newline-eof -DCMAKE_INTDIR=\"Debug\" -isysroot /Applications/Xcode.app/Contents/Developer/Platforms/MacOSX.platform/Developer/SDKs/MacOSX10.11.sdk -fasm-blocks -fstrict-aliasing -Wdeprecated-declarations -mmacosx-version-min=10.10 -g -Wno-sign-conversion -I/Users/esevalero/Desktop/OnePointNav/strings/xcode/CMakeFiles/CMakeTmp/Debug/include -I/Users/esevalero/Desktop/OnePointNav/strings/xcode/CMakeFiles/CMakeTmp/CMAKE_TRY_COMPILE.build/Debug/cmTC_1d6dd.build/DerivedSources/x86_64 -I/Users/esevalero/Desktop/OnePointNav/strings/xcode/CMakeFiles/CMakeTmp/CMAKE_TRY_COMPILE.build/Debug/cmTC_1d6dd.build/DerivedSources -Wmost -Wno-four-char-constants -Wno-unknown-pragmas -F/Users/esevalero/Desktop/OnePointNav/strings/xcode/CMakeFiles/CMakeTmp/Debug -MMD -MT dependencies -MF /Users/esevalero/Desktop/OnePointNav/strings/xcode/CMakeFiles/CMakeTmp/CMAKE_TRY_COMPILE.build/Debug/cmTC_1d6dd.build/Objects-normal/x86_64/testCCompiler.d --serialize-diagnostics /Users/esevalero/Desktop/OnePointNav/strings/xcode/CMakeFiles/CMakeTmp/CMAKE_TRY_COMPILE.build/Debug/cmTC_1d6dd.build/Objects-normal/x86_64/testCCompiler.dia -c /Users/esevalero/Desktop/OnePointNav/strings/xcode/CMakeFiles/CMakeTmp/testCCompiler.c -o /Users/esevalero/Desktop/OnePointNav/strings/xcode/CMakeFiles/CMakeTmp/CMAKE_TRY_COMPILE.build/Debug/cmTC_1d6dd.build/Objects-normal/x86_64/testCCompiler.o

Ld Debug/cmTC_1d6dd normal x86_64
    cd /Users/esevalero/Desktop/OnePointNav/strings/xcode/CMakeFiles/CMakeTmp
    export MACOSX_DEPLOYMENT_TARGET=10.10
    /Applications/Xcode.app/Contents/Developer/Toolchains/XcodeDefault.xctoolchain/usr/bin/clang -arch x86_64 -isysroot /Applications/Xcode.app/Contents/Developer/Platforms/MacOSX.platform/Developer/SDKs/MacOSX10.11.sdk -L/Users/esevalero/Desktop/OnePointNav/strings/xcode/CMakeFiles/CMakeTmp/Debug -F/Users/esevalero/Desktop/OnePointNav/strings/xcode/CMakeFiles/CMakeTmp/Debug -filelist /Users/esevalero/Desktop/OnePointNav/strings/xcode/CMakeFiles/CMakeTmp/CMAKE_TRY_COMPILE.build/Debug/cmTC_1d6dd.build/Objects-normal/x86_64/cmTC_1d6dd.LinkFileList -mmacosx-version-min=10.10 -Wl,-search_paths_first -Wl,-headerpad_max_install_names -Xlinker -dependency_info -Xlinker /Users/esevalero/Desktop/OnePointNav/strings/xcode/CMakeFiles/CMakeTmp/CMAKE_TRY_COMPILE.build/Debug/cmTC_1d6dd.build/Objects-normal/x86_64/cmTC_1d6dd_dependency_info.dat -o /Users/esevalero/Desktop/OnePointNav/strings/xcode/CMakeFiles/CMakeTmp/Debug/cmTC_1d6dd

** BUILD SUCCEEDED **



Detecting C compiler ABI info compiled with the following output:
Change Dir: /Users/esevalero/Desktop/OnePointNav/strings/xcode/CMakeFiles/CMakeTmp

Run Build Command:"/usr/bin/xcodebuild" "-project" "CMAKE_TRY_COMPILE.xcodeproj" "build" "-target" "cmTC_cb61f" "-configuration" "Debug"
=== BUILD TARGET cmTC_cb61f OF PROJECT CMAKE_TRY_COMPILE WITH CONFIGURATION Debug ===

Check dependencies

Write auxiliary files
/bin/mkdir -p /Users/esevalero/Desktop/OnePointNav/strings/xcode/CMakeFiles/CMakeTmp/CMAKE_TRY_COMPILE.build/Debug/cmTC_cb61f.build/Objects-normal/x86_64
write-file /Users/esevalero/Desktop/OnePointNav/strings/xcode/CMakeFiles/CMakeTmp/CMAKE_TRY_COMPILE.build/Debug/cmTC_cb61f.build/Objects-normal/x86_64/cmTC_cb61f.LinkFileList

CompileC CMAKE_TRY_COMPILE.build/Debug/cmTC_cb61f.build/Objects-normal/x86_64/CMakeCCompilerABI.o /usr/local/Cellar/cmake/3.8.2/share/cmake/Modules/CMakeCCompilerABI.c normal x86_64 c com.apple.compilers.llvm.clang.1_0.compiler
    cd /Users/esevalero/Desktop/OnePointNav/strings/xcode/CMakeFiles/CMakeTmp
    export LANG=en_US.US-ASCII
    /Applications/Xcode.app/Contents/Developer/Toolchains/XcodeDefault.xctoolchain/usr/bin/clang -x c -arch x86_64 -fmessage-length=0 -fdiagnostics-show-note-include-stack -fmacro-backtrace-limit=0 -Wno-trigraphs -fpascal-strings -O0 -Wno-missing-field-initializers -Wno-missing-prototypes -Wno-return-type -Wno-missing-braces -Wparentheses -Wswitch -Wno-unused-function -Wno-unused-label -Wno-unused-parameter -Wno-unused-variable -Wunused-value -Wno-empty-body -Wno-uninitialized -Wno-unknown-pragmas -Wno-shadow -Wno-four-char-constants -Wno-conversion -Wno-constant-conversion -Wno-int-conversion -Wno-bool-conversion -Wno-enum-conversion -Wno-shorten-64-to-32 -Wpointer-sign -Wno-newline-eof -DCMAKE_INTDIR=\"Debug\" -isysroot /Applications/Xcode.app/Contents/Developer/Platforms/MacOSX.platform/Developer/SDKs/MacOSX10.11.sdk -fasm-blocks -fstrict-aliasing -Wdeprecated-declarations -mmacosx-version-min=10.10 -g -Wno-sign-conversion -I/Users/esevalero/Desktop/OnePointNav/strings/xcode/CMakeFiles/CMakeTmp/Debug/include -I/Users/esevalero/Desktop/OnePointNav/strings/xcode/CMakeFiles/CMakeTmp/CMAKE_TRY_COMPILE.build/Debug/cmTC_cb61f.build/DerivedSources/x86_64 -I/Users/esevalero/Desktop/OnePointNav/strings/xcode/CMakeFiles/CMakeTmp/CMAKE_TRY_COMPILE.build/Debug/cmTC_cb61f.build/DerivedSources -Wmost -Wno-four-char-constants -Wno-unknown-pragmas -F/Users/esevalero/Desktop/OnePointNav/strings/xcode/CMakeFiles/CMakeTmp/Debug -MMD -MT dependencies -MF /Users/esevalero/Desktop/OnePointNav/strings/xcode/CMakeFiles/CMakeTmp/CMAKE_TRY_COMPILE.build/Debug/cmTC_cb61f.build/Objects-normal/x86_64/CMakeCCompilerABI.d --serialize-diagnostics /Users/esevalero/Desktop/OnePointNav/strings/xcode/CMakeFiles/CMakeTmp/CMAKE_TRY_COMPILE.build/Debug/cmTC_cb61f.build/Objects-normal/x86_64/CMakeCCompilerABI.dia -c /usr/local/Cellar/cmake/3.8.2/share/cmake/Modules/CMakeCCompilerABI.c -o /Users/esevalero/Desktop/OnePointNav/strings/xcode/CMakeFiles/CMakeTmp/CMAKE_TRY_COMPILE.build/Debug/cmTC_cb61f.build/Objects-normal/x86_64/CMakeCCompilerABI.o

Ld Debug/cmTC_cb61f normal x86_64
    cd /Users/esevalero/Desktop/OnePointNav/strings/xcode/CMakeFiles/CMakeTmp
    export MACOSX_DEPLOYMENT_TARGET=10.10
    /Applications/Xcode.app/Contents/Developer/Toolchains/XcodeDefault.xctoolchain/usr/bin/clang -arch x86_64 -isysroot /Applications/Xcode.app/Contents/Developer/Platforms/MacOSX.platform/Developer/SDKs/MacOSX10.11.sdk -L/Users/esevalero/Desktop/OnePointNav/strings/xcode/CMakeFiles/CMakeTmp/Debug -F/Users/esevalero/Desktop/OnePointNav/strings/xcode/CMakeFiles/CMakeTmp/Debug -filelist /Users/esevalero/Desktop/OnePointNav/strings/xcode/CMakeFiles/CMakeTmp/CMAKE_TRY_COMPILE.build/Debug/cmTC_cb61f.build/Objects-normal/x86_64/cmTC_cb61f.LinkFileList -mmacosx-version-min=10.10 -v -Wl,-v -Wl,-search_paths_first -Wl,-headerpad_max_install_names -Xlinker -dependency_info -Xlinker /Users/esevalero/Desktop/OnePointNav/strings/xcode/CMakeFiles/CMakeTmp/CMAKE_TRY_COMPILE.build/Debug/cmTC_cb61f.build/Objects-normal/x86_64/cmTC_cb61f_dependency_info.dat -o /Users/esevalero/Desktop/OnePointNav/strings/xcode/CMakeFiles/CMakeTmp/Debug/cmTC_cb61f
Apple LLVM version 7.0.0 (clang-700.0.72)
Target: x86_64-apple-darwin14.5.0
Thread model: posix
 "/Applications/Xcode.app/Contents/Developer/Toolchains/XcodeDefault.xctoolchain/usr/bin/ld" -demangle -dynamic -arch x86_64 -macosx_version_min 10.10.0 -syslibroot /Applications/Xcode.app/Contents/Developer/Platforms/MacOSX.platform/Developer/SDKs/MacOSX10.11.sdk -o /Users/esevalero/Desktop/OnePointNav/strings/xcode/CMakeFiles/CMakeTmp/Debug/cmTC_cb61f -L/Users/esevalero/Desktop/OnePointNav/strings/xcode/CMakeFiles/CMakeTmp/Debug -filelist /Users/esevalero/Desktop/OnePointNav/strings/xcode/CMakeFiles/CMakeTmp/CMAKE_TRY_COMPILE.build/Debug/cmTC_cb61f.build/Objects-normal/x86_64/cmTC_cb61f.LinkFileList -v -search_paths_first -headerpad_max_install_names -dependency_info /Users/esevalero/Desktop/OnePointNav/strings/xcode/CMakeFiles/CMakeTmp/CMAKE_TRY_COMPILE.build/Debug/cmTC_cb61f.build/Objects-normal/x86_64/cmTC_cb61f_dependency_info.dat -lSystem /Applications/Xcode.app/Contents/Developer/Toolchains/XcodeDefault.xctoolchain/usr/bin/../lib/clang/7.0.0/lib/darwin/libclang_rt.osx.a -F/Users/esevalero/Desktop/OnePointNav/strings/xcode/CMakeFiles/CMakeTmp/Debug
@(#)PROGRAM:ld  PROJECT:ld64-253.3
configured to support archs: armv6 armv7 armv7s arm64 i386 x86_64 x86_64h armv6m armv7k armv7m armv7em
Library search paths:
	/Users/esevalero/Desktop/OnePointNav/strings/xcode/CMakeFiles/CMakeTmp/Debug
	/Applications/Xcode.app/Contents/Developer/Platforms/MacOSX.platform/Developer/SDKs/MacOSX10.11.sdk/usr/lib
Framework search paths:
	/Users/esevalero/Desktop/OnePointNav/strings/xcode/CMakeFiles/CMakeTmp/Debug
	/Applications/Xcode.app/Contents/Developer/Platforms/MacOSX.platform/Developer/SDKs/MacOSX10.11.sdk/System/Library/Frameworks/

** BUILD SUCCEEDED **



Parsed C implicit link information from above output:
  link line regex: [^( *|.*[/\])(ld|([^/\]+-)?ld|collect2)[^/\]*( |$)]
  ignore line: [Change Dir: /Users/esevalero/Desktop/OnePointNav/strings/xcode/CMakeFiles/CMakeTmp]
  ignore line: []
  ignore line: [Run Build Command:"/usr/bin/xcodebuild" "-project" "CMAKE_TRY_COMPILE.xcodeproj" "build" "-target" "cmTC_cb61f" "-configuration" "Debug"]
  ignore line: [=== BUILD TARGET cmTC_cb61f OF PROJECT CMAKE_TRY_COMPILE WITH CONFIGURATION Debug ===]
  ignore line: []
  ignore line: [Check dependencies]
  ignore line: []
  ignore line: [Write auxiliary files]
  ignore line: [/bin/mkdir -p /Users/esevalero/Desktop/OnePointNav/strings/xcode/CMakeFiles/CMakeTmp/CMAKE_TRY_COMPILE.build/Debug/cmTC_cb61f.build/Objects-normal/x86_64]
  ignore line: [write-file /Users/esevalero/Desktop/OnePointNav/strings/xcode/CMakeFiles/CMakeTmp/CMAKE_TRY_COMPILE.build/Debug/cmTC_cb61f.build/Objects-normal/x86_64/cmTC_cb61f.LinkFileList]
  ignore line: []
  ignore line: [CompileC CMAKE_TRY_COMPILE.build/Debug/cmTC_cb61f.build/Objects-normal/x86_64/CMakeCCompilerABI.o /usr/local/Cellar/cmake/3.8.2/share/cmake/Modules/CMakeCCompilerABI.c normal x86_64 c com.apple.compilers.llvm.clang.1_0.compiler]
  ignore line: [    cd /Users/esevalero/Desktop/OnePointNav/strings/xcode/CMakeFiles/CMakeTmp]
  ignore line: [    export LANG=en_US.US-ASCII]
  ignore line: [    /Applications/Xcode.app/Contents/Developer/Toolchains/XcodeDefault.xctoolchain/usr/bin/clang -x c -arch x86_64 -fmessage-length=0 -fdiagnostics-show-note-include-stack -fmacro-backtrace-limit=0 -Wno-trigraphs -fpascal-strings -O0 -Wno-missing-field-initializers -Wno-missing-prototypes -Wno-return-type -Wno-missing-braces -Wparentheses -Wswitch -Wno-unused-function -Wno-unused-label -Wno-unused-parameter -Wno-unused-variable -Wunused-value -Wno-empty-body -Wno-uninitialized -Wno-unknown-pragmas -Wno-shadow -Wno-four-char-constants -Wno-conversion -Wno-constant-conversion -Wno-int-conversion -Wno-bool-conversion -Wno-enum-conversion -Wno-shorten-64-to-32 -Wpointer-sign -Wno-newline-eof -DCMAKE_INTDIR=\"Debug\" -isysroot /Applications/Xcode.app/Contents/Developer/Platforms/MacOSX.platform/Developer/SDKs/MacOSX10.11.sdk -fasm-blocks -fstrict-aliasing -Wdeprecated-declarations -mmacosx-version-min=10.10 -g -Wno-sign-conversion -I/Users/esevalero/Desktop/OnePointNav/strings/xcode/CMakeFiles/CMakeTmp/Debug/include -I/Users/esevalero/Desktop/OnePointNav/strings/xcode/CMakeFiles/CMakeTmp/CMAKE_TRY_COMPILE.build/Debug/cmTC_cb61f.build/DerivedSources/x86_64 -I/Users/esevalero/Desktop/OnePointNav/strings/xcode/CMakeFiles/CMakeTmp/CMAKE_TRY_COMPILE.build/Debug/cmTC_cb61f.build/DerivedSources -Wmost -Wno-four-char-constants -Wno-unknown-pragmas -F/Users/esevalero/Desktop/OnePointNav/strings/xcode/CMakeFiles/CMakeTmp/Debug -MMD -MT dependencies -MF /Users/esevalero/Desktop/OnePointNav/strings/xcode/CMakeFiles/CMakeTmp/CMAKE_TRY_COMPILE.build/Debug/cmTC_cb61f.build/Objects-normal/x86_64/CMakeCCompilerABI.d --serialize-diagnostics /Users/esevalero/Desktop/OnePointNav/strings/xcode/CMakeFiles/CMakeTmp/CMAKE_TRY_COMPILE.build/Debug/cmTC_cb61f.build/Objects-normal/x86_64/CMakeCCompilerABI.dia -c /usr/local/Cellar/cmake/3.8.2/share/cmake/Modules/CMakeCCompilerABI.c -o /Users/esevalero/Desktop/OnePointNav/strings/xcode/CMakeFiles/CMakeTmp/CMAKE_TRY_COMPILE.build/Debug/cmTC_cb61f.build/Objects-normal/x86_64/CMakeCCompilerABI.o]
  ignore line: []
  ignore line: [Ld Debug/cmTC_cb61f normal x86_64]
  ignore line: [    cd /Users/esevalero/Desktop/OnePointNav/strings/xcode/CMakeFiles/CMakeTmp]
  ignore line: [    export MACOSX_DEPLOYMENT_TARGET=10.10]
  ignore line: [    /Applications/Xcode.app/Contents/Developer/Toolchains/XcodeDefault.xctoolchain/usr/bin/clang -arch x86_64 -isysroot /Applications/Xcode.app/Contents/Developer/Platforms/MacOSX.platform/Developer/SDKs/MacOSX10.11.sdk -L/Users/esevalero/Desktop/OnePointNav/strings/xcode/CMakeFiles/CMakeTmp/Debug -F/Users/esevalero/Desktop/OnePointNav/strings/xcode/CMakeFiles/CMakeTmp/Debug -filelist /Users/esevalero/Desktop/OnePointNav/strings/xcode/CMakeFiles/CMakeTmp/CMAKE_TRY_COMPILE.build/Debug/cmTC_cb61f.build/Objects-normal/x86_64/cmTC_cb61f.LinkFileList -mmacosx-version-min=10.10 -v -Wl,-v -Wl,-search_paths_first -Wl,-headerpad_max_install_names -Xlinker -dependency_info -Xlinker /Users/esevalero/Desktop/OnePointNav/strings/xcode/CMakeFiles/CMakeTmp/CMAKE_TRY_COMPILE.build/Debug/cmTC_cb61f.build/Objects-normal/x86_64/cmTC_cb61f_dependency_info.dat -o /Users/esevalero/Desktop/OnePointNav/strings/xcode/CMakeFiles/CMakeTmp/Debug/cmTC_cb61f]
  ignore line: [Apple LLVM version 7.0.0 (clang-700.0.72)]
  ignore line: [Target: x86_64-apple-darwin14.5.0]
  ignore line: [Thread model: posix]
  reduced line: [ "/Applications/Xcode.app/Contents/Developer/Toolchains/XcodeDefault.xctoolchain/usr/bin/ld" -demangle -dynamic -arch x86_64 -macosx_version_min 10.10.0 -syslibroot /Applications/Xcode.app/Contents/Developer/Platforms/MacOSX.platform/Developer/SDKs/MacOSX10.11.sdk -o /Users/esevalero/Desktop/OnePointNav/strings/xcode/CMakeFiles/CMakeTmp/Debug/cmTC_cb61f -L/Users/esevalero/Desktop/OnePointNav/strings/xcode/CMakeFiles/CMakeTmp/Debug -filelist /Users/esevalero/Desktop/OnePointNav/strings/xcode/CMakeFiles/CMakeTmp/CMAKE_TRY_COMPILE.build/Debug/cmTC_cb61f.build/Objects-normal/x86_64/cmTC_cb61f.LinkFileList -v -search_paths_first -headerpad_max_install_names -dependency_info /Users/esevalero/Desktop/OnePointNav/strings/xcode/CMakeFiles/CMakeTmp/CMAKE_TRY_COMPILE.build/Debug/cmTC_cb61f.build/Objects-normal/x86_64/cmTC_cb61f_dependency_info.dat -lSystem /Applications/Xcode.app/Contents/Developer/Toolchains/XcodeDefault.xctoolchain/usr/bin/../lib/clang/7.0.0/lib/darwin/libclang_rt.osx.a -F/Users/esevalero/Desktop/OnePointNav/strings/xcode/CMakeFiles/CMakeTmp/Debug]
            to: [ "/Applications/Xcode.app/Contents/Developer/Toolchains/XcodeDefault.xctoolchain/usr/bin/ld" -demangle -dynamic -arch x86_64 -macosx_version_min 10.10.0 -syslibroot /Applications/Xcode.app/Contents/Developer/Platforms/MacOSX.platform/Developer/SDKs/MacOSX10.11.sdk -o /Users/esevalero/Desktop/OnePointNav/strings/xcode/CMakeFiles/CMakeTmp/Debug/cmTC_cb61f -filelist /Users/esevalero/Desktop/OnePointNav/strings/xcode/CMakeFiles/CMakeTmp/CMAKE_TRY_COMPILE.build/Debug/cmTC_cb61f.build/Objects-normal/x86_64/cmTC_cb61f.LinkFileList -v -search_paths_first -headerpad_max_install_names -dependency_info /Users/esevalero/Desktop/OnePointNav/strings/xcode/CMakeFiles/CMakeTmp/CMAKE_TRY_COMPILE.build/Debug/cmTC_cb61f.build/Objects-normal/x86_64/cmTC_cb61f_dependency_info.dat -lSystem /Applications/Xcode.app/Contents/Developer/Toolchains/XcodeDefault.xctoolchain/usr/bin/../lib/clang/7.0.0/lib/darwin/libclang_rt.osx.a ]
  link line: [ "/Applications/Xcode.app/Contents/Developer/Toolchains/XcodeDefault.xctoolchain/usr/bin/ld" -demangle -dynamic -arch x86_64 -macosx_version_min 10.10.0 -syslibroot /Applications/Xcode.app/Contents/Developer/Platforms/MacOSX.platform/Developer/SDKs/MacOSX10.11.sdk -o /Users/esevalero/Desktop/OnePointNav/strings/xcode/CMakeFiles/CMakeTmp/Debug/cmTC_cb61f -filelist /Users/esevalero/Desktop/OnePointNav/strings/xcode/CMakeFiles/CMakeTmp/CMAKE_TRY_COMPILE.build/Debug/cmTC_cb61f.build/Objects-normal/x86_64/cmTC_cb61f.LinkFileList -v -search_paths_first -headerpad_max_install_names -dependency_info /Users/esevalero/Desktop/OnePointNav/strings/xcode/CMakeFiles/CMakeTmp/CMAKE_TRY_COMPILE.build/Debug/cmTC_cb61f.build/Objects-normal/x86_64/cmTC_cb61f_dependency_info.dat -lSystem /Applications/Xcode.app/Contents/Developer/Toolchains/XcodeDefault.xctoolchain/usr/bin/../lib/clang/7.0.0/lib/darwin/libclang_rt.osx.a ]
    arg [/Applications/Xcode.app/Contents/Developer/Toolchains/XcodeDefault.xctoolchain/usr/bin/ld] ==> ignore
    arg [-demangle] ==> ignore
    arg [-dynamic] ==> ignore
    arg [-arch] ==> ignore
    arg [x86_64] ==> ignore
    arg [-macosx_version_min] ==> ignore
    arg [10.10.0] ==> ignore
    arg [-syslibroot] ==> ignore
    arg [/Applications/Xcode.app/Contents/Developer/Platforms/MacOSX.platform/Developer/SDKs/MacOSX10.11.sdk] ==> ignore
    arg [-o] ==> ignore
    arg [/Users/esevalero/Desktop/OnePointNav/strings/xcode/CMakeFiles/CMakeTmp/Debug/cmTC_cb61f] ==> ignore
    arg [-filelist] ==> ignore
    arg [/Users/esevalero/Desktop/OnePointNav/strings/xcode/CMakeFiles/CMakeTmp/CMAKE_TRY_COMPILE.build/Debug/cmTC_cb61f.build/Objects-normal/x86_64/cmTC_cb61f.LinkFileList] ==> ignore
    arg [-v] ==> ignore
    arg [-search_paths_first] ==> ignore
    arg [-headerpad_max_install_names] ==> ignore
    arg [-dependency_info] ==> ignore
    arg [/Users/esevalero/Desktop/OnePointNav/strings/xcode/CMakeFiles/CMakeTmp/CMAKE_TRY_COMPILE.build/Debug/cmTC_cb61f.build/Objects-normal/x86_64/cmTC_cb61f_dependency_info.dat] ==> ignore
    arg [-lSystem] ==> lib [System]
    arg [/Applications/Xcode.app/Contents/Developer/Toolchains/XcodeDefault.xctoolchain/usr/bin/../lib/clang/7.0.0/lib/darwin/libclang_rt.osx.a] ==> lib [/Applications/Xcode.app/Contents/Developer/Toolchains/XcodeDefault.xctoolchain/usr/bin/../lib/clang/7.0.0/lib/darwin/libclang_rt.osx.a]
  Library search paths: [;/Users/esevalero/Desktop/OnePointNav/strings/xcode/CMakeFiles/CMakeTmp/Debug;/Applications/Xcode.app/Contents/Developer/Platforms/MacOSX.platform/Developer/SDKs/MacOSX10.11.sdk/usr/lib]
  Framework search paths: [;/Users/esevalero/Desktop/OnePointNav/strings/xcode/CMakeFiles/CMakeTmp/Debug;/Applications/Xcode.app/Contents/Developer/Platforms/MacOSX.platform/Developer/SDKs/MacOSX10.11.sdk/System/Library/Frameworks/]
  remove lib [System]
  remove lib [/Applications/Xcode.app/Contents/Developer/Toolchains/XcodeDefault.xctoolchain/usr/bin/../lib/clang/7.0.0/lib/darwin/libclang_rt.osx.a]
  collapse library dir [/Users/esevalero/Desktop/OnePointNav/strings/xcode/CMakeFiles/CMakeTmp/Debug] ==> [/Users/esevalero/Desktop/OnePointNav/strings/xcode/CMakeFiles/CMakeTmp/Debug], skipping non-system directory
  collapse library dir [/Applications/Xcode.app/Contents/Developer/Platforms/MacOSX.platform/Developer/SDKs/MacOSX10.11.sdk/usr/lib] ==> [/Applications/Xcode.app/Contents/Developer/Platforms/MacOSX.platform/Developer/SDKs/MacOSX10.11.sdk/usr/lib]
  collapse framework dir [/Users/esevalero/Desktop/OnePointNav/strings/xcode/CMakeFiles/CMakeTmp/Debug] ==> [/Users/esevalero/Desktop/OnePointNav/strings/xcode/CMakeFiles/CMakeTmp/Debug], skipping non-system directory
  collapse framework dir [/Applications/Xcode.app/Contents/Developer/Platforms/MacOSX.platform/Developer/SDKs/MacOSX10.11.sdk/System/Library/Frameworks/] ==> [/Applications/Xcode.app/Contents/Developer/Platforms/MacOSX.platform/Developer/SDKs/MacOSX10.11.sdk/System/Library/Frameworks]
  implicit libs: []
  implicit dirs: [/Applications/Xcode.app/Contents/Developer/Platforms/MacOSX.platform/Developer/SDKs/MacOSX10.11.sdk/usr/lib]
  implicit fwks: [/Applications/Xcode.app/Contents/Developer/Platforms/MacOSX.platform/Developer/SDKs/MacOSX10.11.sdk/System/Library/Frameworks]




Detecting C [-std=c11] compiler features compiled with the following output:
Change Dir: /Users/esevalero/Desktop/OnePointNav/strings/xcode/CMakeFiles/CMakeTmp

Run Build Command:"/usr/bin/xcodebuild" "-project" "CMAKE_TRY_COMPILE.xcodeproj" "build" "-target" "cmTC_413e7" "-configuration" "Debug"
=== BUILD TARGET cmTC_413e7 OF PROJECT CMAKE_TRY_COMPILE WITH CONFIGURATION Debug ===

Check dependencies

Write auxiliary files
/bin/mkdir -p /Users/esevalero/Desktop/OnePointNav/strings/xcode/CMakeFiles/CMakeTmp/CMAKE_TRY_COMPILE.build/Debug/cmTC_413e7.build/Objects-normal/x86_64
write-file /Users/esevalero/Desktop/OnePointNav/strings/xcode/CMakeFiles/CMakeTmp/CMAKE_TRY_COMPILE.build/Debug/cmTC_413e7.build/Objects-normal/x86_64/cmTC_413e7.LinkFileList

CompileC CMAKE_TRY_COMPILE.build/Debug/cmTC_413e7.build/Objects-normal/x86_64/feature_tests.o /Users/esevalero/Desktop/OnePointNav/strings/xcode/CMakeFiles/feature_tests.c normal x86_64 c com.apple.compilers.llvm.clang.1_0.compiler
    cd /Users/esevalero/Desktop/OnePointNav/strings/xcode/CMakeFiles/CMakeTmp
    export LANG=en_US.US-ASCII
    /Applications/Xcode.app/Contents/Developer/Toolchains/XcodeDefault.xctoolchain/usr/bin/clang -x c -arch x86_64 -fmessage-length=0 -fdiagnostics-show-note-include-stack -fmacro-backtrace-limit=0 -Wno-trigraphs -fpascal-strings -O0 -Wno-missing-field-initializers -Wno-missing-prototypes -Wno-return-type -Wno-missing-braces -Wparentheses -Wswitch -Wno-unused-function -Wno-unused-label -Wno-unused-parameter -Wno-unused-variable -Wunused-value -Wno-empty-body -Wno-uninitialized -Wno-unknown-pragmas -Wno-shadow -Wno-four-char-constants -Wno-conversion -Wno-constant-conversion -Wno-int-conversion -Wno-bool-conversion -Wno-enum-conversion -Wno-shorten-64-to-32 -Wpointer-sign -Wno-newline-eof -DCMAKE_INTDIR=\"Debug\" -isysroot /Applications/Xcode.app/Contents/Developer/Platforms/MacOSX.platform/Developer/SDKs/MacOSX10.11.sdk -fasm-blocks -fstrict-aliasing -Wdeprecated-declarations -mmacosx-version-min=10.10 -g -Wno-sign-conversion -I/Users/esevalero/Desktop/OnePointNav/strings/xcode/CMakeFiles/CMakeTmp/Debug/include -I/Users/esevalero/Desktop/OnePointNav/strings/xcode/CMakeFiles/CMakeTmp/CMAKE_TRY_COMPILE.build/Debug/cmTC_413e7.build/DerivedSources/x86_64 -I/Users/esevalero/Desktop/OnePointNav/strings/xcode/CMakeFiles/CMakeTmp/CMAKE_TRY_COMPILE.build/Debug/cmTC_413e7.build/DerivedSources -Wmost -Wno-four-char-constants -Wno-unknown-pragmas -F/Users/esevalero/Desktop/OnePointNav/strings/xcode/CMakeFiles/CMakeTmp/Debug -std=c11 -MMD -MT dependencies -MF /Users/esevalero/Desktop/OnePointNav/strings/xcode/CMakeFiles/CMakeTmp/CMAKE_TRY_COMPILE.build/Debug/cmTC_413e7.build/Objects-normal/x86_64/feature_tests.d --serialize-diagnostics /Users/esevalero/Desktop/OnePointNav/strings/xcode/CMakeFiles/CMakeTmp/CMAKE_TRY_COMPILE.build/Debug/cmTC_413e7.build/Objects-normal/x86_64/feature_tests.dia -c /Users/esevalero/Desktop/OnePointNav/strings/xcode/CMakeFiles/feature_tests.c -o /Users/esevalero/Desktop/OnePointNav/strings/xcode/CMakeFiles/CMakeTmp/CMAKE_TRY_COMPILE.build/Debug/cmTC_413e7.build/Objects-normal/x86_64/feature_tests.o

Ld Debug/cmTC_413e7 normal x86_64
    cd /Users/esevalero/Desktop/OnePointNav/strings/xcode/CMakeFiles/CMakeTmp
    export MACOSX_DEPLOYMENT_TARGET=10.10
    /Applications/Xcode.app/Contents/Developer/Toolchains/XcodeDefault.xctoolchain/usr/bin/clang -arch x86_64 -isysroot /Applications/Xcode.app/Contents/Developer/Platforms/MacOSX.platform/Developer/SDKs/MacOSX10.11.sdk -L/Users/esevalero/Desktop/OnePointNav/strings/xcode/CMakeFiles/CMakeTmp/Debug -F/Users/esevalero/Desktop/OnePointNav/strings/xcode/CMakeFiles/CMakeTmp/Debug -filelist /Users/esevalero/Desktop/OnePointNav/strings/xcode/CMakeFiles/CMakeTmp/CMAKE_TRY_COMPILE.build/Debug/cmTC_413e7.build/Objects-normal/x86_64/cmTC_413e7.LinkFileList -mmacosx-version-min=10.10 -Wl,-search_paths_first -Wl,-headerpad_max_install_names -Xlinker -dependency_info -Xlinker /Users/esevalero/Desktop/OnePointNav/strings/xcode/CMakeFiles/CMakeTmp/CMAKE_TRY_COMPILE.build/Debug/cmTC_413e7.build/Objects-normal/x86_64/cmTC_413e7_dependency_info.dat -o /Users/esevalero/Desktop/OnePointNav/strings/xcode/CMakeFiles/CMakeTmp/Debug/cmTC_413e7

** BUILD SUCCEEDED **



    Feature record: C_FEATURE:1c_function_prototypes
    Feature record: C_FEATURE:1c_restrict
    Feature record: C_FEATURE:1c_static_assert
    Feature record: C_FEATURE:1c_variadic_macros


Detecting C [-std=c99] compiler features compiled with the following output:
Change Dir: /Users/esevalero/Desktop/OnePointNav/strings/xcode/CMakeFiles/CMakeTmp

Run Build Command:"/usr/bin/xcodebuild" "-project" "CMAKE_TRY_COMPILE.xcodeproj" "build" "-target" "cmTC_4e76d" "-configuration" "Debug"
=== BUILD TARGET cmTC_4e76d OF PROJECT CMAKE_TRY_COMPILE WITH CONFIGURATION Debug ===

Check dependencies

Write auxiliary files
/bin/mkdir -p /Users/esevalero/Desktop/OnePointNav/strings/xcode/CMakeFiles/CMakeTmp/CMAKE_TRY_COMPILE.build/Debug/cmTC_4e76d.build/Objects-normal/x86_64
write-file /Users/esevalero/Desktop/OnePointNav/strings/xcode/CMakeFiles/CMakeTmp/CMAKE_TRY_COMPILE.build/Debug/cmTC_4e76d.build/Objects-normal/x86_64/cmTC_4e76d.LinkFileList

CompileC CMAKE_TRY_COMPILE.build/Debug/cmTC_4e76d.build/Objects-normal/x86_64/feature_tests.o /Users/esevalero/Desktop/OnePointNav/strings/xcode/CMakeFiles/feature_tests.c normal x86_64 c com.apple.compilers.llvm.clang.1_0.compiler
    cd /Users/esevalero/Desktop/OnePointNav/strings/xcode/CMakeFiles/CMakeTmp
    export LANG=en_US.US-ASCII
    /Applications/Xcode.app/Contents/Developer/Toolchains/XcodeDefault.xctoolchain/usr/bin/clang -x c -arch x86_64 -fmessage-length=0 -fdiagnostics-show-note-include-stack -fmacro-backtrace-limit=0 -Wno-trigraphs -fpascal-strings -O0 -Wno-missing-field-initializers -Wno-missing-prototypes -Wno-return-type -Wno-missing-braces -Wparentheses -Wswitch -Wno-unused-function -Wno-unused-label -Wno-unused-parameter -Wno-unused-variable -Wunused-value -Wno-empty-body -Wno-uninitialized -Wno-unknown-pragmas -Wno-shadow -Wno-four-char-constants -Wno-conversion -Wno-constant-conversion -Wno-int-conversion -Wno-bool-conversion -Wno-enum-conversion -Wno-shorten-64-to-32 -Wpointer-sign -Wno-newline-eof -DCMAKE_INTDIR=\"Debug\" -isysroot /Applications/Xcode.app/Contents/Developer/Platforms/MacOSX.platform/Developer/SDKs/MacOSX10.11.sdk -fasm-blocks -fstrict-aliasing -Wdeprecated-declarations -mmacosx-version-min=10.10 -g -Wno-sign-conversion -I/Users/esevalero/Desktop/OnePointNav/strings/xcode/CMakeFiles/CMakeTmp/Debug/include -I/Users/esevalero/Desktop/OnePointNav/strings/xcode/CMakeFiles/CMakeTmp/CMAKE_TRY_COMPILE.build/Debug/cmTC_4e76d.build/DerivedSources/x86_64 -I/Users/esevalero/Desktop/OnePointNav/strings/xcode/CMakeFiles/CMakeTmp/CMAKE_TRY_COMPILE.build/Debug/cmTC_4e76d.build/DerivedSources -Wmost -Wno-four-char-constants -Wno-unknown-pragmas -F/Users/esevalero/Desktop/OnePointNav/strings/xcode/CMakeFiles/CMakeTmp/Debug -std=c99 -MMD -MT dependencies -MF /Users/esevalero/Desktop/OnePointNav/strings/xcode/CMakeFiles/CMakeTmp/CMAKE_TRY_COMPILE.build/Debug/cmTC_4e76d.build/Objects-normal/x86_64/feature_tests.d --serialize-diagnostics /Users/esevalero/Desktop/OnePointNav/strings/xcode/CMakeFiles/CMakeTmp/CMAKE_TRY_COMPILE.build/Debug/cmTC_4e76d.build/Objects-normal/x86_64/feature_tests.dia -c /Users/esevalero/Desktop/OnePointNav/strings/xcode/CMakeFiles/feature_tests.c -o /Users/esevalero/Desktop/OnePointNav/strings/xcode/CMakeFiles/CMakeTmp/CMAKE_TRY_COMPILE.build/Debug/cmTC_4e76d.build/Objects-normal/x86_64/feature_tests.o

Ld Debug/cmTC_4e76d normal x86_64
    cd /Users/esevalero/Desktop/OnePointNav/strings/xcode/CMakeFiles/CMakeTmp
    export MACOSX_DEPLOYMENT_TARGET=10.10
    /Applications/Xcode.app/Contents/Developer/Toolchains/XcodeDefault.xctoolchain/usr/bin/clang -arch x86_64 -isysroot /Applications/Xcode.app/Contents/Developer/Platforms/MacOSX.platform/Developer/SDKs/MacOSX10.11.sdk -L/Users/esevalero/Desktop/OnePointNav/strings/xcode/CMakeFiles/CMakeTmp/Debug -F/Users/esevalero/Desktop/OnePointNav/strings/xcode/CMakeFiles/CMakeTmp/Debug -filelist /Users/esevalero/Desktop/OnePointNav/strings/xcode/CMakeFiles/CMakeTmp/CMAKE_TRY_COMPILE.build/Debug/cmTC_4e76d.build/Objects-normal/x86_64/cmTC_4e76d.LinkFileList -mmacosx-version-min=10.10 -Wl,-search_paths_first -Wl,-headerpad_max_install_names -Xlinker -dependency_info -Xlinker /Users/esevalero/Desktop/OnePointNav/strings/xcode/CMakeFiles/CMakeTmp/CMAKE_TRY_COMPILE.build/Debug/cmTC_4e76d.build/Objects-normal/x86_64/cmTC_4e76d_dependency_info.dat -o /Users/esevalero/Desktop/OnePointNav/strings/xcode/CMakeFiles/CMakeTmp/Debug/cmTC_4e76d

** BUILD SUCCEEDED **



    Feature record: C_FEATURE:1c_function_prototypes
    Feature record: C_FEATURE:1c_restrict
    Feature record: C_FEATURE:0c_static_assert
    Feature record: C_FEATURE:1c_variadic_macros


Detecting C [-std=c90] compiler features compiled with the following output:
Change Dir: /Users/esevalero/Desktop/OnePointNav/strings/xcode/CMakeFiles/CMakeTmp

Run Build Command:"/usr/bin/xcodebuild" "-project" "CMAKE_TRY_COMPILE.xcodeproj" "build" "-target" "cmTC_243b4" "-configuration" "Debug"
=== BUILD TARGET cmTC_243b4 OF PROJECT CMAKE_TRY_COMPILE WITH CONFIGURATION Debug ===

Check dependencies

Write auxiliary files
/bin/mkdir -p /Users/esevalero/Desktop/OnePointNav/strings/xcode/CMakeFiles/CMakeTmp/CMAKE_TRY_COMPILE.build/Debug/cmTC_243b4.build/Objects-normal/x86_64
write-file /Users/esevalero/Desktop/OnePointNav/strings/xcode/CMakeFiles/CMakeTmp/CMAKE_TRY_COMPILE.build/Debug/cmTC_243b4.build/Objects-normal/x86_64/cmTC_243b4.LinkFileList

CompileC CMAKE_TRY_COMPILE.build/Debug/cmTC_243b4.build/Objects-normal/x86_64/feature_tests.o /Users/esevalero/Desktop/OnePointNav/strings/xcode/CMakeFiles/feature_tests.c normal x86_64 c com.apple.compilers.llvm.clang.1_0.compiler
    cd /Users/esevalero/Desktop/OnePointNav/strings/xcode/CMakeFiles/CMakeTmp
    export LANG=en_US.US-ASCII
    /Applications/Xcode.app/Contents/Developer/Toolchains/XcodeDefault.xctoolchain/usr/bin/clang -x c -arch x86_64 -fmessage-length=0 -fdiagnostics-show-note-include-stack -fmacro-backtrace-limit=0 -Wno-trigraphs -fpascal-strings -O0 -Wno-missing-field-initializers -Wno-missing-prototypes -Wno-return-type -Wno-missing-braces -Wparentheses -Wswitch -Wno-unused-function -Wno-unused-label -Wno-unused-parameter -Wno-unused-variable -Wunused-value -Wno-empty-body -Wno-uninitialized -Wno-unknown-pragmas -Wno-shadow -Wno-four-char-constants -Wno-conversion -Wno-constant-conversion -Wno-int-conversion -Wno-bool-conversion -Wno-enum-conversion -Wno-shorten-64-to-32 -Wpointer-sign -Wno-newline-eof -DCMAKE_INTDIR=\"Debug\" -isysroot /Applications/Xcode.app/Contents/Developer/Platforms/MacOSX.platform/Developer/SDKs/MacOSX10.11.sdk -fasm-blocks -fstrict-aliasing -Wdeprecated-declarations -mmacosx-version-min=10.10 -g -Wno-sign-conversion -I/Users/esevalero/Desktop/OnePointNav/strings/xcode/CMakeFiles/CMakeTmp/Debug/include -I/Users/esevalero/Desktop/OnePointNav/strings/xcode/CMakeFiles/CMakeTmp/CMAKE_TRY_COMPILE.build/Debug/cmTC_243b4.build/DerivedSources/x86_64 -I/Users/esevalero/Desktop/OnePointNav/strings/xcode/CMakeFiles/CMakeTmp/CMAKE_TRY_COMPILE.build/Debug/cmTC_243b4.build/DerivedSources -Wmost -Wno-four-char-constants -Wno-unknown-pragmas -F/Users/esevalero/Desktop/OnePointNav/strings/xcode/CMakeFiles/CMakeTmp/Debug -std=c90 -MMD -MT dependencies -MF /Users/esevalero/Desktop/OnePointNav/strings/xcode/CMakeFiles/CMakeTmp/CMAKE_TRY_COMPILE.build/Debug/cmTC_243b4.build/Objects-normal/x86_64/feature_tests.d --serialize-diagnostics /Users/esevalero/Desktop/OnePointNav/strings/xcode/CMakeFiles/CMakeTmp/CMAKE_TRY_COMPILE.build/Debug/cmTC_243b4.build/Objects-normal/x86_64/feature_tests.dia -c /Users/esevalero/Desktop/OnePointNav/strings/xcode/CMakeFiles/feature_tests.c -o /Users/esevalero/Desktop/OnePointNav/strings/xcode/CMakeFiles/CMakeTmp/CMAKE_TRY_COMPILE.build/Debug/cmTC_243b4.build/Objects-normal/x86_64/feature_tests.o

Ld Debug/cmTC_243b4 normal x86_64
    cd /Users/esevalero/Desktop/OnePointNav/strings/xcode/CMakeFiles/CMakeTmp
    export MACOSX_DEPLOYMENT_TARGET=10.10
    /Applications/Xcode.app/Contents/Developer/Toolchains/XcodeDefault.xctoolchain/usr/bin/clang -arch x86_64 -isysroot /Applications/Xcode.app/Contents/Developer/Platforms/MacOSX.platform/Developer/SDKs/MacOSX10.11.sdk -L/Users/esevalero/Desktop/OnePointNav/strings/xcode/CMakeFiles/CMakeTmp/Debug -F/Users/esevalero/Desktop/OnePointNav/strings/xcode/CMakeFiles/CMakeTmp/Debug -filelist /Users/esevalero/Desktop/OnePointNav/strings/xcode/CMakeFiles/CMakeTmp/CMAKE_TRY_COMPILE.build/Debug/cmTC_243b4.build/Objects-normal/x86_64/cmTC_243b4.LinkFileList -mmacosx-version-min=10.10 -Wl,-search_paths_first -Wl,-headerpad_max_install_names -Xlinker -dependency_info -Xlinker /Users/esevalero/Desktop/OnePointNav/strings/xcode/CMakeFiles/CMakeTmp/CMAKE_TRY_COMPILE.build/Debug/cmTC_243b4.build/Objects-normal/x86_64/cmTC_243b4_dependency_info.dat -o /Users/esevalero/Desktop/OnePointNav/strings/xcode/CMakeFiles/CMakeTmp/Debug/cmTC_243b4

** BUILD SUCCEEDED **



    Feature record: C_FEATURE:1c_function_prototypes
    Feature record: C_FEATURE:0c_restrict
    Feature record: C_FEATURE:0c_static_assert
    Feature record: C_FEATURE:0c_variadic_macros
Determining if the CXX compiler works passed with the following output:
Change Dir: /Users/esevalero/Desktop/OnePointNav/strings/xcode/CMakeFiles/CMakeTmp

Run Build Command:"/usr/bin/xcodebuild" "-project" "CMAKE_TRY_COMPILE.xcodeproj" "build" "-target" "cmTC_4066b" "-configuration" "Debug"
=== BUILD TARGET cmTC_4066b OF PROJECT CMAKE_TRY_COMPILE WITH CONFIGURATION Debug ===

Check dependencies

Write auxiliary files
/bin/mkdir -p /Users/esevalero/Desktop/OnePointNav/strings/xcode/CMakeFiles/CMakeTmp/CMAKE_TRY_COMPILE.build/Debug/cmTC_4066b.build/Objects-normal/x86_64
write-file /Users/esevalero/Desktop/OnePointNav/strings/xcode/CMakeFiles/CMakeTmp/CMAKE_TRY_COMPILE.build/Debug/cmTC_4066b.build/Objects-normal/x86_64/cmTC_4066b.LinkFileList

CompileC CMAKE_TRY_COMPILE.build/Debug/cmTC_4066b.build/Objects-normal/x86_64/testCXXCompiler.o testCXXCompiler.cxx normal x86_64 c++ com.apple.compilers.llvm.clang.1_0.compiler
    cd /Users/esevalero/Desktop/OnePointNav/strings/xcode/CMakeFiles/CMakeTmp
    export LANG=en_US.US-ASCII
    /Applications/Xcode.app/Contents/Developer/Toolchains/XcodeDefault.xctoolchain/usr/bin/clang -x c++ -arch x86_64 -fmessage-length=0 -fdiagnostics-show-note-include-stack -fmacro-backtrace-limit=0 -Wno-trigraphs -fpascal-strings -O0 -Wno-missing-field-initializers -Wno-missing-prototypes -Wno-return-type -Wno-non-virtual-dtor -Wno-overloaded-virtual -Wno-exit-time-destructors -Wno-missing-braces -Wparentheses -Wswitch -Wno-unused-function -Wno-unused-label -Wno-unused-parameter -Wno-unused-variable -Wunused-value -Wno-empty-body -Wno-uninitialized -Wno-unknown-pragmas -Wno-shadow -Wno-four-char-constants -Wno-conversion -Wno-constant-conversion -Wno-int-conversion -Wno-bool-conversion -Wno-enum-conversion -Wno-shorten-64-to-32 -Wno-newline-eof -Wno-c++11-extensions -DCMAKE_INTDIR=\"Debug\" -isysroot /Applications/Xcode.app/Contents/Developer/Platforms/MacOSX.platform/Developer/SDKs/MacOSX10.11.sdk -fasm-blocks -fstrict-aliasing -Wdeprecated-declarations -Winvalid-offsetof -mmacosx-version-min=10.10 -g -Wno-sign-conversion -I/Users/esevalero/Desktop/OnePointNav/strings/xcode/CMakeFiles/CMakeTmp/Debug/include -I/Users/esevalero/Desktop/OnePointNav/strings/xcode/CMakeFiles/CMakeTmp/CMAKE_TRY_COMPILE.build/Debug/cmTC_4066b.build/DerivedSources/x86_64 -I/Users/esevalero/Desktop/OnePointNav/strings/xcode/CMakeFiles/CMakeTmp/CMAKE_TRY_COMPILE.build/Debug/cmTC_4066b.build/DerivedSources -Wmost -Wno-four-char-constants -Wno-unknown-pragmas -F/Users/esevalero/Desktop/OnePointNav/strings/xcode/CMakeFiles/CMakeTmp/Debug -MMD -MT dependencies -MF /Users/esevalero/Desktop/OnePointNav/strings/xcode/CMakeFiles/CMakeTmp/CMAKE_TRY_COMPILE.build/Debug/cmTC_4066b.build/Objects-normal/x86_64/testCXXCompiler.d --serialize-diagnostics /Users/esevalero/Desktop/OnePointNav/strings/xcode/CMakeFiles/CMakeTmp/CMAKE_TRY_COMPILE.build/Debug/cmTC_4066b.build/Objects-normal/x86_64/testCXXCompiler.dia -c /Users/esevalero/Desktop/OnePointNav/strings/xcode/CMakeFiles/CMakeTmp/testCXXCompiler.cxx -o /Users/esevalero/Desktop/OnePointNav/strings/xcode/CMakeFiles/CMakeTmp/CMAKE_TRY_COMPILE.build/Debug/cmTC_4066b.build/Objects-normal/x86_64/testCXXCompiler.o

Ld Debug/cmTC_4066b normal x86_64
    cd /Users/esevalero/Desktop/OnePointNav/strings/xcode/CMakeFiles/CMakeTmp
    export MACOSX_DEPLOYMENT_TARGET=10.10
    /Applications/Xcode.app/Contents/Developer/Toolchains/XcodeDefault.xctoolchain/usr/bin/clang++ -arch x86_64 -isysroot /Applications/Xcode.app/Contents/Developer/Platforms/MacOSX.platform/Developer/SDKs/MacOSX10.11.sdk -L/Users/esevalero/Desktop/OnePointNav/strings/xcode/CMakeFiles/CMakeTmp/Debug -F/Users/esevalero/Desktop/OnePointNav/strings/xcode/CMakeFiles/CMakeTmp/Debug -filelist /Users/esevalero/Desktop/OnePointNav/strings/xcode/CMakeFiles/CMakeTmp/CMAKE_TRY_COMPILE.build/Debug/cmTC_4066b.build/Objects-normal/x86_64/cmTC_4066b.LinkFileList -mmacosx-version-min=10.10 -Wl,-search_paths_first -Wl,-headerpad_max_install_names -Xlinker -dependency_info -Xlinker /Users/esevalero/Desktop/OnePointNav/strings/xcode/CMakeFiles/CMakeTmp/CMAKE_TRY_COMPILE.build/Debug/cmTC_4066b.build/Objects-normal/x86_64/cmTC_4066b_dependency_info.dat -o /Users/esevalero/Desktop/OnePointNav/strings/xcode/CMakeFiles/CMakeTmp/Debug/cmTC_4066b

** BUILD SUCCEEDED **



Detecting CXX compiler ABI info compiled with the following output:
Change Dir: /Users/esevalero/Desktop/OnePointNav/strings/xcode/CMakeFiles/CMakeTmp

Run Build Command:"/usr/bin/xcodebuild" "-project" "CMAKE_TRY_COMPILE.xcodeproj" "build" "-target" "cmTC_84d87" "-configuration" "Debug"
=== BUILD TARGET cmTC_84d87 OF PROJECT CMAKE_TRY_COMPILE WITH CONFIGURATION Debug ===

Check dependencies

Write auxiliary files
/bin/mkdir -p /Users/esevalero/Desktop/OnePointNav/strings/xcode/CMakeFiles/CMakeTmp/CMAKE_TRY_COMPILE.build/Debug/cmTC_84d87.build/Objects-normal/x86_64
write-file /Users/esevalero/Desktop/OnePointNav/strings/xcode/CMakeFiles/CMakeTmp/CMAKE_TRY_COMPILE.build/Debug/cmTC_84d87.build/Objects-normal/x86_64/cmTC_84d87.LinkFileList

CompileC CMAKE_TRY_COMPILE.build/Debug/cmTC_84d87.build/Objects-normal/x86_64/CMakeCXXCompilerABI.o /usr/local/Cellar/cmake/3.8.2/share/cmake/Modules/CMakeCXXCompilerABI.cpp normal x86_64 c++ com.apple.compilers.llvm.clang.1_0.compiler
    cd /Users/esevalero/Desktop/OnePointNav/strings/xcode/CMakeFiles/CMakeTmp
    export LANG=en_US.US-ASCII
    /Applications/Xcode.app/Contents/Developer/Toolchains/XcodeDefault.xctoolchain/usr/bin/clang -x c++ -arch x86_64 -fmessage-length=0 -fdiagnostics-show-note-include-stack -fmacro-backtrace-limit=0 -Wno-trigraphs -fpascal-strings -O0 -Wno-missing-field-initializers -Wno-missing-prototypes -Wno-return-type -Wno-non-virtual-dtor -Wno-overloaded-virtual -Wno-exit-time-destructors -Wno-missing-braces -Wparentheses -Wswitch -Wno-unused-function -Wno-unused-label -Wno-unused-parameter -Wno-unused-variable -Wunused-value -Wno-empty-body -Wno-uninitialized -Wno-unknown-pragmas -Wno-shadow -Wno-four-char-constants -Wno-conversion -Wno-constant-conversion -Wno-int-conversion -Wno-bool-conversion -Wno-enum-conversion -Wno-shorten-64-to-32 -Wno-newline-eof -Wno-c++11-extensions -DCMAKE_INTDIR=\"Debug\" -isysroot /Applications/Xcode.app/Contents/Developer/Platforms/MacOSX.platform/Developer/SDKs/MacOSX10.11.sdk -fasm-blocks -fstrict-aliasing -Wdeprecated-declarations -Winvalid-offsetof -mmacosx-version-min=10.10 -g -Wno-sign-conversion -I/Users/esevalero/Desktop/OnePointNav/strings/xcode/CMakeFiles/CMakeTmp/Debug/include -I/Users/esevalero/Desktop/OnePointNav/strings/xcode/CMakeFiles/CMakeTmp/CMAKE_TRY_COMPILE.build/Debug/cmTC_84d87.build/DerivedSources/x86_64 -I/Users/esevalero/Desktop/OnePointNav/strings/xcode/CMakeFiles/CMakeTmp/CMAKE_TRY_COMPILE.build/Debug/cmTC_84d87.build/DerivedSources -Wmost -Wno-four-char-constants -Wno-unknown-pragmas -F/Users/esevalero/Desktop/OnePointNav/strings/xcode/CMakeFiles/CMakeTmp/Debug -MMD -MT dependencies -MF /Users/esevalero/Desktop/OnePointNav/strings/xcode/CMakeFiles/CMakeTmp/CMAKE_TRY_COMPILE.build/Debug/cmTC_84d87.build/Objects-normal/x86_64/CMakeCXXCompilerABI.d --serialize-diagnostics /Users/esevalero/Desktop/OnePointNav/strings/xcode/CMakeFiles/CMakeTmp/CMAKE_TRY_COMPILE.build/Debug/cmTC_84d87.build/Objects-normal/x86_64/CMakeCXXCompilerABI.dia -c /usr/local/Cellar/cmake/3.8.2/share/cmake/Modules/CMakeCXXCompilerABI.cpp -o /Users/esevalero/Desktop/OnePointNav/strings/xcode/CMakeFiles/CMakeTmp/CMAKE_TRY_COMPILE.build/Debug/cmTC_84d87.build/Objects-normal/x86_64/CMakeCXXCompilerABI.o

Ld Debug/cmTC_84d87 normal x86_64
    cd /Users/esevalero/Desktop/OnePointNav/strings/xcode/CMakeFiles/CMakeTmp
    export MACOSX_DEPLOYMENT_TARGET=10.10
    /Applications/Xcode.app/Contents/Developer/Toolchains/XcodeDefault.xctoolchain/usr/bin/clang++ -arch x86_64 -isysroot /Applications/Xcode.app/Contents/Developer/Platforms/MacOSX.platform/Developer/SDKs/MacOSX10.11.sdk -L/Users/esevalero/Desktop/OnePointNav/strings/xcode/CMakeFiles/CMakeTmp/Debug -F/Users/esevalero/Desktop/OnePointNav/strings/xcode/CMakeFiles/CMakeTmp/Debug -filelist /Users/esevalero/Desktop/OnePointNav/strings/xcode/CMakeFiles/CMakeTmp/CMAKE_TRY_COMPILE.build/Debug/cmTC_84d87.build/Objects-normal/x86_64/cmTC_84d87.LinkFileList -mmacosx-version-min=10.10 -v -Wl,-v -Wl,-search_paths_first -Wl,-headerpad_max_install_names -Xlinker -dependency_info -Xlinker /Users/esevalero/Desktop/OnePointNav/strings/xcode/CMakeFiles/CMakeTmp/CMAKE_TRY_COMPILE.build/Debug/cmTC_84d87.build/Objects-normal/x86_64/cmTC_84d87_dependency_info.dat -o /Users/esevalero/Desktop/OnePointNav/strings/xcode/CMakeFiles/CMakeTmp/Debug/cmTC_84d87
Apple LLVM version 7.0.0 (clang-700.0.72)
Target: x86_64-apple-darwin14.5.0
Thread model: posix
 "/Applications/Xcode.app/Contents/Developer/Toolchains/XcodeDefault.xctoolchain/usr/bin/ld" -demangle -dynamic -arch x86_64 -macosx_version_min 10.10.0 -syslibroot /Applications/Xcode.app/Contents/Developer/Platforms/MacOSX.platform/Developer/SDKs/MacOSX10.11.sdk -o /Users/esevalero/Desktop/OnePointNav/strings/xcode/CMakeFiles/CMakeTmp/Debug/cmTC_84d87 -L/Users/esevalero/Desktop/OnePointNav/strings/xcode/CMakeFiles/CMakeTmp/Debug -filelist /Users/esevalero/Desktop/OnePointNav/strings/xcode/CMakeFiles/CMakeTmp/CMAKE_TRY_COMPILE.build/Debug/cmTC_84d87.build/Objects-normal/x86_64/cmTC_84d87.LinkFileList -v -search_paths_first -headerpad_max_install_names -dependency_info /Users/esevalero/Desktop/OnePointNav/strings/xcode/CMakeFiles/CMakeTmp/CMAKE_TRY_COMPILE.build/Debug/cmTC_84d87.build/Objects-normal/x86_64/cmTC_84d87_dependency_info.dat -lc++ -lSystem /Applications/Xcode.app/Contents/Developer/Toolchains/XcodeDefault.xctoolchain/usr/bin/../lib/clang/7.0.0/lib/darwin/libclang_rt.osx.a -F/Users/esevalero/Desktop/OnePointNav/strings/xcode/CMakeFiles/CMakeTmp/Debug
@(#)PROGRAM:ld  PROJECT:ld64-253.3
configured to support archs: armv6 armv7 armv7s arm64 i386 x86_64 x86_64h armv6m armv7k armv7m armv7em
Library search paths:
	/Users/esevalero/Desktop/OnePointNav/strings/xcode/CMakeFiles/CMakeTmp/Debug
	/Applications/Xcode.app/Contents/Developer/Platforms/MacOSX.platform/Developer/SDKs/MacOSX10.11.sdk/usr/lib
Framework search paths:
	/Users/esevalero/Desktop/OnePointNav/strings/xcode/CMakeFiles/CMakeTmp/Debug
	/Applications/Xcode.app/Contents/Developer/Platforms/MacOSX.platform/Developer/SDKs/MacOSX10.11.sdk/System/Library/Frameworks/

** BUILD SUCCEEDED **



Parsed CXX implicit link information from above output:
  link line regex: [^( *|.*[/\])(ld|([^/\]+-)?ld|collect2)[^/\]*( |$)]
  ignore line: [Change Dir: /Users/esevalero/Desktop/OnePointNav/strings/xcode/CMakeFiles/CMakeTmp]
  ignore line: []
  ignore line: [Run Build Command:"/usr/bin/xcodebuild" "-project" "CMAKE_TRY_COMPILE.xcodeproj" "build" "-target" "cmTC_84d87" "-configuration" "Debug"]
  ignore line: [=== BUILD TARGET cmTC_84d87 OF PROJECT CMAKE_TRY_COMPILE WITH CONFIGURATION Debug ===]
  ignore line: []
  ignore line: [Check dependencies]
  ignore line: []
  ignore line: [Write auxiliary files]
  ignore line: [/bin/mkdir -p /Users/esevalero/Desktop/OnePointNav/strings/xcode/CMakeFiles/CMakeTmp/CMAKE_TRY_COMPILE.build/Debug/cmTC_84d87.build/Objects-normal/x86_64]
  ignore line: [write-file /Users/esevalero/Desktop/OnePointNav/strings/xcode/CMakeFiles/CMakeTmp/CMAKE_TRY_COMPILE.build/Debug/cmTC_84d87.build/Objects-normal/x86_64/cmTC_84d87.LinkFileList]
  ignore line: []
  ignore line: [CompileC CMAKE_TRY_COMPILE.build/Debug/cmTC_84d87.build/Objects-normal/x86_64/CMakeCXXCompilerABI.o /usr/local/Cellar/cmake/3.8.2/share/cmake/Modules/CMakeCXXCompilerABI.cpp normal x86_64 c++ com.apple.compilers.llvm.clang.1_0.compiler]
  ignore line: [    cd /Users/esevalero/Desktop/OnePointNav/strings/xcode/CMakeFiles/CMakeTmp]
  ignore line: [    export LANG=en_US.US-ASCII]
  ignore line: [    /Applications/Xcode.app/Contents/Developer/Toolchains/XcodeDefault.xctoolchain/usr/bin/clang -x c++ -arch x86_64 -fmessage-length=0 -fdiagnostics-show-note-include-stack -fmacro-backtrace-limit=0 -Wno-trigraphs -fpascal-strings -O0 -Wno-missing-field-initializers -Wno-missing-prototypes -Wno-return-type -Wno-non-virtual-dtor -Wno-overloaded-virtual -Wno-exit-time-destructors -Wno-missing-braces -Wparentheses -Wswitch -Wno-unused-function -Wno-unused-label -Wno-unused-parameter -Wno-unused-variable -Wunused-value -Wno-empty-body -Wno-uninitialized -Wno-unknown-pragmas -Wno-shadow -Wno-four-char-constants -Wno-conversion -Wno-constant-conversion -Wno-int-conversion -Wno-bool-conversion -Wno-enum-conversion -Wno-shorten-64-to-32 -Wno-newline-eof -Wno-c++11-extensions -DCMAKE_INTDIR=\"Debug\" -isysroot /Applications/Xcode.app/Contents/Developer/Platforms/MacOSX.platform/Developer/SDKs/MacOSX10.11.sdk -fasm-blocks -fstrict-aliasing -Wdeprecated-declarations -Winvalid-offsetof -mmacosx-version-min=10.10 -g -Wno-sign-conversion -I/Users/esevalero/Desktop/OnePointNav/strings/xcode/CMakeFiles/CMakeTmp/Debug/include -I/Users/esevalero/Desktop/OnePointNav/strings/xcode/CMakeFiles/CMakeTmp/CMAKE_TRY_COMPILE.build/Debug/cmTC_84d87.build/DerivedSources/x86_64 -I/Users/esevalero/Desktop/OnePointNav/strings/xcode/CMakeFiles/CMakeTmp/CMAKE_TRY_COMPILE.build/Debug/cmTC_84d87.build/DerivedSources -Wmost -Wno-four-char-constants -Wno-unknown-pragmas -F/Users/esevalero/Desktop/OnePointNav/strings/xcode/CMakeFiles/CMakeTmp/Debug -MMD -MT dependencies -MF /Users/esevalero/Desktop/OnePointNav/strings/xcode/CMakeFiles/CMakeTmp/CMAKE_TRY_COMPILE.build/Debug/cmTC_84d87.build/Objects-normal/x86_64/CMakeCXXCompilerABI.d --serialize-diagnostics /Users/esevalero/Desktop/OnePointNav/strings/xcode/CMakeFiles/CMakeTmp/CMAKE_TRY_COMPILE.build/Debug/cmTC_84d87.build/Objects-normal/x86_64/CMakeCXXCompilerABI.dia -c /usr/local/Cellar/cmake/3.8.2/share/cmake/Modules/CMakeCXXCompilerABI.cpp -o /Users/esevalero/Desktop/OnePointNav/strings/xcode/CMakeFiles/CMakeTmp/CMAKE_TRY_COMPILE.build/Debug/cmTC_84d87.build/Objects-normal/x86_64/CMakeCXXCompilerABI.o]
  ignore line: []
  ignore line: [Ld Debug/cmTC_84d87 normal x86_64]
  ignore line: [    cd /Users/esevalero/Desktop/OnePointNav/strings/xcode/CMakeFiles/CMakeTmp]
  ignore line: [    export MACOSX_DEPLOYMENT_TARGET=10.10]
  ignore line: [    /Applications/Xcode.app/Contents/Developer/Toolchains/XcodeDefault.xctoolchain/usr/bin/clang++ -arch x86_64 -isysroot /Applications/Xcode.app/Contents/Developer/Platforms/MacOSX.platform/Developer/SDKs/MacOSX10.11.sdk -L/Users/esevalero/Desktop/OnePointNav/strings/xcode/CMakeFiles/CMakeTmp/Debug -F/Users/esevalero/Desktop/OnePointNav/strings/xcode/CMakeFiles/CMakeTmp/Debug -filelist /Users/esevalero/Desktop/OnePointNav/strings/xcode/CMakeFiles/CMakeTmp/CMAKE_TRY_COMPILE.build/Debug/cmTC_84d87.build/Objects-normal/x86_64/cmTC_84d87.LinkFileList -mmacosx-version-min=10.10 -v -Wl,-v -Wl,-search_paths_first -Wl,-headerpad_max_install_names -Xlinker -dependency_info -Xlinker /Users/esevalero/Desktop/OnePointNav/strings/xcode/CMakeFiles/CMakeTmp/CMAKE_TRY_COMPILE.build/Debug/cmTC_84d87.build/Objects-normal/x86_64/cmTC_84d87_dependency_info.dat -o /Users/esevalero/Desktop/OnePointNav/strings/xcode/CMakeFiles/CMakeTmp/Debug/cmTC_84d87]
  ignore line: [Apple LLVM version 7.0.0 (clang-700.0.72)]
  ignore line: [Target: x86_64-apple-darwin14.5.0]
  ignore line: [Thread model: posix]
  reduced line: [ "/Applications/Xcode.app/Contents/Developer/Toolchains/XcodeDefault.xctoolchain/usr/bin/ld" -demangle -dynamic -arch x86_64 -macosx_version_min 10.10.0 -syslibroot /Applications/Xcode.app/Contents/Developer/Platforms/MacOSX.platform/Developer/SDKs/MacOSX10.11.sdk -o /Users/esevalero/Desktop/OnePointNav/strings/xcode/CMakeFiles/CMakeTmp/Debug/cmTC_84d87 -L/Users/esevalero/Desktop/OnePointNav/strings/xcode/CMakeFiles/CMakeTmp/Debug -filelist /Users/esevalero/Desktop/OnePointNav/strings/xcode/CMakeFiles/CMakeTmp/CMAKE_TRY_COMPILE.build/Debug/cmTC_84d87.build/Objects-normal/x86_64/cmTC_84d87.LinkFileList -v -search_paths_first -headerpad_max_install_names -dependency_info /Users/esevalero/Desktop/OnePointNav/strings/xcode/CMakeFiles/CMakeTmp/CMAKE_TRY_COMPILE.build/Debug/cmTC_84d87.build/Objects-normal/x86_64/cmTC_84d87_dependency_info.dat -lc++ -lSystem /Applications/Xcode.app/Contents/Developer/Toolchains/XcodeDefault.xctoolchain/usr/bin/../lib/clang/7.0.0/lib/darwin/libclang_rt.osx.a -F/Users/esevalero/Desktop/OnePointNav/strings/xcode/CMakeFiles/CMakeTmp/Debug]
            to: [ "/Applications/Xcode.app/Contents/Developer/Toolchains/XcodeDefault.xctoolchain/usr/bin/ld" -demangle -dynamic -arch x86_64 -macosx_version_min 10.10.0 -syslibroot /Applications/Xcode.app/Contents/Developer/Platforms/MacOSX.platform/Developer/SDKs/MacOSX10.11.sdk -o /Users/esevalero/Desktop/OnePointNav/strings/xcode/CMakeFiles/CMakeTmp/Debug/cmTC_84d87 -filelist /Users/esevalero/Desktop/OnePointNav/strings/xcode/CMakeFiles/CMakeTmp/CMAKE_TRY_COMPILE.build/Debug/cmTC_84d87.build/Objects-normal/x86_64/cmTC_84d87.LinkFileList -v -search_paths_first -headerpad_max_install_names -dependency_info /Users/esevalero/Desktop/OnePointNav/strings/xcode/CMakeFiles/CMakeTmp/CMAKE_TRY_COMPILE.build/Debug/cmTC_84d87.build/Objects-normal/x86_64/cmTC_84d87_dependency_info.dat -lc++ -lSystem /Applications/Xcode.app/Contents/Developer/Toolchains/XcodeDefault.xctoolchain/usr/bin/../lib/clang/7.0.0/lib/darwin/libclang_rt.osx.a ]
  link line: [ "/Applications/Xcode.app/Contents/Developer/Toolchains/XcodeDefault.xctoolchain/usr/bin/ld" -demangle -dynamic -arch x86_64 -macosx_version_min 10.10.0 -syslibroot /Applications/Xcode.app/Contents/Developer/Platforms/MacOSX.platform/Developer/SDKs/MacOSX10.11.sdk -o /Users/esevalero/Desktop/OnePointNav/strings/xcode/CMakeFiles/CMakeTmp/Debug/cmTC_84d87 -filelist /Users/esevalero/Desktop/OnePointNav/strings/xcode/CMakeFiles/CMakeTmp/CMAKE_TRY_COMPILE.build/Debug/cmTC_84d87.build/Objects-normal/x86_64/cmTC_84d87.LinkFileList -v -search_paths_first -headerpad_max_install_names -dependency_info /Users/esevalero/Desktop/OnePointNav/strings/xcode/CMakeFiles/CMakeTmp/CMAKE_TRY_COMPILE.build/Debug/cmTC_84d87.build/Objects-normal/x86_64/cmTC_84d87_dependency_info.dat -lc++ -lSystem /Applications/Xcode.app/Contents/Developer/Toolchains/XcodeDefault.xctoolchain/usr/bin/../lib/clang/7.0.0/lib/darwin/libclang_rt.osx.a ]
    arg [/Applications/Xcode.app/Contents/Developer/Toolchains/XcodeDefault.xctoolchain/usr/bin/ld] ==> ignore
    arg [-demangle] ==> ignore
    arg [-dynamic] ==> ignore
    arg [-arch] ==> ignore
    arg [x86_64] ==> ignore
    arg [-macosx_version_min] ==> ignore
    arg [10.10.0] ==> ignore
    arg [-syslibroot] ==> ignore
    arg [/Applications/Xcode.app/Contents/Developer/Platforms/MacOSX.platform/Developer/SDKs/MacOSX10.11.sdk] ==> ignore
    arg [-o] ==> ignore
    arg [/Users/esevalero/Desktop/OnePointNav/strings/xcode/CMakeFiles/CMakeTmp/Debug/cmTC_84d87] ==> ignore
    arg [-filelist] ==> ignore
    arg [/Users/esevalero/Desktop/OnePointNav/strings/xcode/CMakeFiles/CMakeTmp/CMAKE_TRY_COMPILE.build/Debug/cmTC_84d87.build/Objects-normal/x86_64/cmTC_84d87.LinkFileList] ==> ignore
    arg [-v] ==> ignore
    arg [-search_paths_first] ==> ignore
    arg [-headerpad_max_install_names] ==> ignore
    arg [-dependency_info] ==> ignore
    arg [/Users/esevalero/Desktop/OnePointNav/strings/xcode/CMakeFiles/CMakeTmp/CMAKE_TRY_COMPILE.build/Debug/cmTC_84d87.build/Objects-normal/x86_64/cmTC_84d87_dependency_info.dat] ==> ignore
    arg [-lc++] ==> lib [c++]
    arg [-lSystem] ==> lib [System]
    arg [/Applications/Xcode.app/Contents/Developer/Toolchains/XcodeDefault.xctoolchain/usr/bin/../lib/clang/7.0.0/lib/darwin/libclang_rt.osx.a] ==> lib [/Applications/Xcode.app/Contents/Developer/Toolchains/XcodeDefault.xctoolchain/usr/bin/../lib/clang/7.0.0/lib/darwin/libclang_rt.osx.a]
  Library search paths: [;/Users/esevalero/Desktop/OnePointNav/strings/xcode/CMakeFiles/CMakeTmp/Debug;/Applications/Xcode.app/Contents/Developer/Platforms/MacOSX.platform/Developer/SDKs/MacOSX10.11.sdk/usr/lib]
  Framework search paths: [;/Users/esevalero/Desktop/OnePointNav/strings/xcode/CMakeFiles/CMakeTmp/Debug;/Applications/Xcode.app/Contents/Developer/Platforms/MacOSX.platform/Developer/SDKs/MacOSX10.11.sdk/System/Library/Frameworks/]
  remove lib [System]
  remove lib [/Applications/Xcode.app/Contents/Developer/Toolchains/XcodeDefault.xctoolchain/usr/bin/../lib/clang/7.0.0/lib/darwin/libclang_rt.osx.a]
  collapse library dir [/Users/esevalero/Desktop/OnePointNav/strings/xcode/CMakeFiles/CMakeTmp/Debug] ==> [/Users/esevalero/Desktop/OnePointNav/strings/xcode/CMakeFiles/CMakeTmp/Debug], skipping non-system directory
  collapse library dir [/Applications/Xcode.app/Contents/Developer/Platforms/MacOSX.platform/Developer/SDKs/MacOSX10.11.sdk/usr/lib] ==> [/Applications/Xcode.app/Contents/Developer/Platforms/MacOSX.platform/Developer/SDKs/MacOSX10.11.sdk/usr/lib]
  collapse framework dir [/Users/esevalero/Desktop/OnePointNav/strings/xcode/CMakeFiles/CMakeTmp/Debug] ==> [/Users/esevalero/Desktop/OnePointNav/strings/xcode/CMakeFiles/CMakeTmp/Debug], skipping non-system directory
  collapse framework dir [/Applications/Xcode.app/Contents/Developer/Platforms/MacOSX.platform/Developer/SDKs/MacOSX10.11.sdk/System/Library/Frameworks/] ==> [/Applications/Xcode.app/Contents/Developer/Platforms/MacOSX.platform/Developer/SDKs/MacOSX10.11.sdk/System/Library/Frameworks]
  implicit libs: [c++]
  implicit dirs: [/Applications/Xcode.app/Contents/Developer/Platforms/MacOSX.platform/Developer/SDKs/MacOSX10.11.sdk/usr/lib]
  implicit fwks: [/Applications/Xcode.app/Contents/Developer/Platforms/MacOSX.platform/Developer/SDKs/MacOSX10.11.sdk/System/Library/Frameworks]




Detecting CXX [-std=c++1z] compiler features compiled with the following output:
Change Dir: /Users/esevalero/Desktop/OnePointNav/strings/xcode/CMakeFiles/CMakeTmp

Run Build Command:"/usr/bin/xcodebuild" "-project" "CMAKE_TRY_COMPILE.xcodeproj" "build" "-target" "cmTC_1d8d5" "-configuration" "Debug"
=== BUILD TARGET cmTC_1d8d5 OF PROJECT CMAKE_TRY_COMPILE WITH CONFIGURATION Debug ===

Check dependencies

Write auxiliary files
/bin/mkdir -p /Users/esevalero/Desktop/OnePointNav/strings/xcode/CMakeFiles/CMakeTmp/CMAKE_TRY_COMPILE.build/Debug/cmTC_1d8d5.build/Objects-normal/x86_64
write-file /Users/esevalero/Desktop/OnePointNav/strings/xcode/CMakeFiles/CMakeTmp/CMAKE_TRY_COMPILE.build/Debug/cmTC_1d8d5.build/Objects-normal/x86_64/cmTC_1d8d5.LinkFileList

CompileC CMAKE_TRY_COMPILE.build/Debug/cmTC_1d8d5.build/Objects-normal/x86_64/feature_tests.o /Users/esevalero/Desktop/OnePointNav/strings/xcode/CMakeFiles/feature_tests.cxx normal x86_64 c++ com.apple.compilers.llvm.clang.1_0.compiler
    cd /Users/esevalero/Desktop/OnePointNav/strings/xcode/CMakeFiles/CMakeTmp
    export LANG=en_US.US-ASCII
    /Applications/Xcode.app/Contents/Developer/Toolchains/XcodeDefault.xctoolchain/usr/bin/clang -x c++ -arch x86_64 -fmessage-length=0 -fdiagnostics-show-note-include-stack -fmacro-backtrace-limit=0 -Wno-trigraphs -fpascal-strings -O0 -Wno-missing-field-initializers -Wno-missing-prototypes -Wno-return-type -Wno-non-virtual-dtor -Wno-overloaded-virtual -Wno-exit-time-destructors -Wno-missing-braces -Wparentheses -Wswitch -Wno-unused-function -Wno-unused-label -Wno-unused-parameter -Wno-unused-variable -Wunused-value -Wno-empty-body -Wno-uninitialized -Wno-unknown-pragmas -Wno-shadow -Wno-four-char-constants -Wno-conversion -Wno-constant-conversion -Wno-int-conversion -Wno-bool-conversion -Wno-enum-conversion -Wno-shorten-64-to-32 -Wno-newline-eof -Wno-c++11-extensions -DCMAKE_INTDIR=\"Debug\" -isysroot /Applications/Xcode.app/Contents/Developer/Platforms/MacOSX.platform/Developer/SDKs/MacOSX10.11.sdk -fasm-blocks -fstrict-aliasing -Wdeprecated-declarations -Winvalid-offsetof -mmacosx-version-min=10.10 -g -Wno-sign-conversion -I/Users/esevalero/Desktop/OnePointNav/strings/xcode/CMakeFiles/CMakeTmp/Debug/include -I/Users/esevalero/Desktop/OnePointNav/strings/xcode/CMakeFiles/CMakeTmp/CMAKE_TRY_COMPILE.build/Debug/cmTC_1d8d5.build/DerivedSources/x86_64 -I/Users/esevalero/Desktop/OnePointNav/strings/xcode/CMakeFiles/CMakeTmp/CMAKE_TRY_COMPILE.build/Debug/cmTC_1d8d5.build/DerivedSources -Wmost -Wno-four-char-constants -Wno-unknown-pragmas -F/Users/esevalero/Desktop/OnePointNav/strings/xcode/CMakeFiles/CMakeTmp/Debug -std=c++1z -MMD -MT dependencies -MF /Users/esevalero/Desktop/OnePointNav/strings/xcode/CMakeFiles/CMakeTmp/CMAKE_TRY_COMPILE.build/Debug/cmTC_1d8d5.build/Objects-normal/x86_64/feature_tests.d --serialize-diagnostics /Users/esevalero/Desktop/OnePointNav/strings/xcode/CMakeFiles/CMakeTmp/CMAKE_TRY_COMPILE.build/Debug/cmTC_1d8d5.build/Objects-normal/x86_64/feature_tests.dia -c /Users/esevalero/Desktop/OnePointNav/strings/xcode/CMakeFiles/feature_tests.cxx -o /Users/esevalero/Desktop/OnePointNav/strings/xcode/CMakeFiles/CMakeTmp/CMAKE_TRY_COMPILE.build/Debug/cmTC_1d8d5.build/Objects-normal/x86_64/feature_tests.o

Ld Debug/cmTC_1d8d5 normal x86_64
    cd /Users/esevalero/Desktop/OnePointNav/strings/xcode/CMakeFiles/CMakeTmp
    export MACOSX_DEPLOYMENT_TARGET=10.10
    /Applications/Xcode.app/Contents/Developer/Toolchains/XcodeDefault.xctoolchain/usr/bin/clang++ -arch x86_64 -isysroot /Applications/Xcode.app/Contents/Developer/Platforms/MacOSX.platform/Developer/SDKs/MacOSX10.11.sdk -L/Users/esevalero/Desktop/OnePointNav/strings/xcode/CMakeFiles/CMakeTmp/Debug -F/Users/esevalero/Desktop/OnePointNav/strings/xcode/CMakeFiles/CMakeTmp/Debug -filelist /Users/esevalero/Desktop/OnePointNav/strings/xcode/CMakeFiles/CMakeTmp/CMAKE_TRY_COMPILE.build/Debug/cmTC_1d8d5.build/Objects-normal/x86_64/cmTC_1d8d5.LinkFileList -mmacosx-version-min=10.10 -Wl,-search_paths_first -Wl,-headerpad_max_install_names -Xlinker -dependency_info -Xlinker /Users/esevalero/Desktop/OnePointNav/strings/xcode/CMakeFiles/CMakeTmp/CMAKE_TRY_COMPILE.build/Debug/cmTC_1d8d5.build/Objects-normal/x86_64/cmTC_1d8d5_dependency_info.dat -o /Users/esevalero/Desktop/OnePointNav/strings/xcode/CMakeFiles/CMakeTmp/Debug/cmTC_1d8d5

** BUILD SUCCEEDED **



    Feature record: CXX_FEATURE:1cxx_aggregate_default_initializers
    Feature record: CXX_FEATURE:1cxx_alias_templates
    Feature record: CXX_FEATURE:1cxx_alignas
    Feature record: CXX_FEATURE:1cxx_alignof
    Feature record: CXX_FEATURE:1cxx_attributes
    Feature record: CXX_FEATURE:1cxx_attribute_deprecated
    Feature record: CXX_FEATURE:1cxx_auto_type
    Feature record: CXX_FEATURE:1cxx_binary_literals
    Feature record: CXX_FEATURE:1cxx_constexpr
    Feature record: CXX_FEATURE:1cxx_contextual_conversions
    Feature record: CXX_FEATURE:1cxx_decltype
    Feature record: CXX_FEATURE:1cxx_decltype_auto
    Feature record: CXX_FEATURE:1cxx_decltype_incomplete_return_types
    Feature record: CXX_FEATURE:1cxx_default_function_template_args
    Feature record: CXX_FEATURE:1cxx_defaulted_functions
    Feature record: CXX_FEATURE:1cxx_defaulted_move_initializers
    Feature record: CXX_FEATURE:1cxx_delegating_constructors
    Feature record: CXX_FEATURE:1cxx_deleted_functions
    Feature record: CXX_FEATURE:1cxx_digit_separators
    Feature record: CXX_FEATURE:1cxx_enum_forward_declarations
    Feature record: CXX_FEATURE:1cxx_explicit_conversions
    Feature record: CXX_FEATURE:1cxx_extended_friend_declarations
    Feature record: CXX_FEATURE:1cxx_extern_templates
    Feature record: CXX_FEATURE:1cxx_final
    Feature record: CXX_FEATURE:1cxx_func_identifier
    Feature record: CXX_FEATURE:1cxx_generalized_initializers
    Feature record: CXX_FEATURE:1cxx_generic_lambdas
    Feature record: CXX_FEATURE:1cxx_inheriting_constructors
    Feature record: CXX_FEATURE:1cxx_inline_namespaces
    Feature record: CXX_FEATURE:1cxx_lambdas
    Feature record: CXX_FEATURE:1cxx_lambda_init_captures
    Feature record: CXX_FEATURE:1cxx_local_type_template_args
    Feature record: CXX_FEATURE:1cxx_long_long_type
    Feature record: CXX_FEATURE:1cxx_noexcept
    Feature record: CXX_FEATURE:1cxx_nonstatic_member_init
    Feature record: CXX_FEATURE:1cxx_nullptr
    Feature record: CXX_FEATURE:1cxx_override
    Feature record: CXX_FEATURE:1cxx_range_for
    Feature record: CXX_FEATURE:1cxx_raw_string_literals
    Feature record: CXX_FEATURE:1cxx_reference_qualified_functions
    Feature record: CXX_FEATURE:1cxx_relaxed_constexpr
    Feature record: CXX_FEATURE:1cxx_return_type_deduction
    Feature record: CXX_FEATURE:1cxx_right_angle_brackets
    Feature record: CXX_FEATURE:1cxx_rvalue_references
    Feature record: CXX_FEATURE:1cxx_sizeof_member
    Feature record: CXX_FEATURE:1cxx_static_assert
    Feature record: CXX_FEATURE:1cxx_strong_enums
    Feature record: CXX_FEATURE:1cxx_template_template_parameters
    Feature record: CXX_FEATURE:0cxx_thread_local
    Feature record: CXX_FEATURE:1cxx_trailing_return_types
    Feature record: CXX_FEATURE:1cxx_unicode_literals
    Feature record: CXX_FEATURE:1cxx_uniform_initialization
    Feature record: CXX_FEATURE:1cxx_unrestricted_unions
    Feature record: CXX_FEATURE:1cxx_user_literals
    Feature record: CXX_FEATURE:1cxx_variable_templates
    Feature record: CXX_FEATURE:1cxx_variadic_macros
    Feature record: CXX_FEATURE:1cxx_variadic_templates


Detecting CXX [-std=c++14] compiler features compiled with the following output:
Change Dir: /Users/esevalero/Desktop/OnePointNav/strings/xcode/CMakeFiles/CMakeTmp

Run Build Command:"/usr/bin/xcodebuild" "-project" "CMAKE_TRY_COMPILE.xcodeproj" "build" "-target" "cmTC_5f21c" "-configuration" "Debug"
=== BUILD TARGET cmTC_5f21c OF PROJECT CMAKE_TRY_COMPILE WITH CONFIGURATION Debug ===

Check dependencies

Write auxiliary files
/bin/mkdir -p /Users/esevalero/Desktop/OnePointNav/strings/xcode/CMakeFiles/CMakeTmp/CMAKE_TRY_COMPILE.build/Debug/cmTC_5f21c.build/Objects-normal/x86_64
write-file /Users/esevalero/Desktop/OnePointNav/strings/xcode/CMakeFiles/CMakeTmp/CMAKE_TRY_COMPILE.build/Debug/cmTC_5f21c.build/Objects-normal/x86_64/cmTC_5f21c.LinkFileList

CompileC CMAKE_TRY_COMPILE.build/Debug/cmTC_5f21c.build/Objects-normal/x86_64/feature_tests.o /Users/esevalero/Desktop/OnePointNav/strings/xcode/CMakeFiles/feature_tests.cxx normal x86_64 c++ com.apple.compilers.llvm.clang.1_0.compiler
    cd /Users/esevalero/Desktop/OnePointNav/strings/xcode/CMakeFiles/CMakeTmp
    export LANG=en_US.US-ASCII
    /Applications/Xcode.app/Contents/Developer/Toolchains/XcodeDefault.xctoolchain/usr/bin/clang -x c++ -arch x86_64 -fmessage-length=0 -fdiagnostics-show-note-include-stack -fmacro-backtrace-limit=0 -Wno-trigraphs -fpascal-strings -O0 -Wno-missing-field-initializers -Wno-missing-prototypes -Wno-return-type -Wno-non-virtual-dtor -Wno-overloaded-virtual -Wno-exit-time-destructors -Wno-missing-braces -Wparentheses -Wswitch -Wno-unused-function -Wno-unused-label -Wno-unused-parameter -Wno-unused-variable -Wunused-value -Wno-empty-body -Wno-uninitialized -Wno-unknown-pragmas -Wno-shadow -Wno-four-char-constants -Wno-conversion -Wno-constant-conversion -Wno-int-conversion -Wno-bool-conversion -Wno-enum-conversion -Wno-shorten-64-to-32 -Wno-newline-eof -Wno-c++11-extensions -DCMAKE_INTDIR=\"Debug\" -isysroot /Applications/Xcode.app/Contents/Developer/Platforms/MacOSX.platform/Developer/SDKs/MacOSX10.11.sdk -fasm-blocks -fstrict-aliasing -Wdeprecated-declarations -Winvalid-offsetof -mmacosx-version-min=10.10 -g -Wno-sign-conversion -I/Users/esevalero/Desktop/OnePointNav/strings/xcode/CMakeFiles/CMakeTmp/Debug/include -I/Users/esevalero/Desktop/OnePointNav/strings/xcode/CMakeFiles/CMakeTmp/CMAKE_TRY_COMPILE.build/Debug/cmTC_5f21c.build/DerivedSources/x86_64 -I/Users/esevalero/Desktop/OnePointNav/strings/xcode/CMakeFiles/CMakeTmp/CMAKE_TRY_COMPILE.build/Debug/cmTC_5f21c.build/DerivedSources -Wmost -Wno-four-char-constants -Wno-unknown-pragmas -F/Users/esevalero/Desktop/OnePointNav/strings/xcode/CMakeFiles/CMakeTmp/Debug -std=c++14 -MMD -MT dependencies -MF /Users/esevalero/Desktop/OnePointNav/strings/xcode/CMakeFiles/CMakeTmp/CMAKE_TRY_COMPILE.build/Debug/cmTC_5f21c.build/Objects-normal/x86_64/feature_tests.d --serialize-diagnostics /Users/esevalero/Desktop/OnePointNav/strings/xcode/CMakeFiles/CMakeTmp/CMAKE_TRY_COMPILE.build/Debug/cmTC_5f21c.build/Objects-normal/x86_64/feature_tests.dia -c /Users/esevalero/Desktop/OnePointNav/strings/xcode/CMakeFiles/feature_tests.cxx -o /Users/esevalero/Desktop/OnePointNav/strings/xcode/CMakeFiles/CMakeTmp/CMAKE_TRY_COMPILE.build/Debug/cmTC_5f21c.build/Objects-normal/x86_64/feature_tests.o

Ld Debug/cmTC_5f21c normal x86_64
    cd /Users/esevalero/Desktop/OnePointNav/strings/xcode/CMakeFiles/CMakeTmp
    export MACOSX_DEPLOYMENT_TARGET=10.10
    /Applications/Xcode.app/Contents/Developer/Toolchains/XcodeDefault.xctoolchain/usr/bin/clang++ -arch x86_64 -isysroot /Applications/Xcode.app/Contents/Developer/Platforms/MacOSX.platform/Developer/SDKs/MacOSX10.11.sdk -L/Users/esevalero/Desktop/OnePointNav/strings/xcode/CMakeFiles/CMakeTmp/Debug -F/Users/esevalero/Desktop/OnePointNav/strings/xcode/CMakeFiles/CMakeTmp/Debug -filelist /Users/esevalero/Desktop/OnePointNav/strings/xcode/CMakeFiles/CMakeTmp/CMAKE_TRY_COMPILE.build/Debug/cmTC_5f21c.build/Objects-normal/x86_64/cmTC_5f21c.LinkFileList -mmacosx-version-min=10.10 -Wl,-search_paths_first -Wl,-headerpad_max_install_names -Xlinker -dependency_info -Xlinker /Users/esevalero/Desktop/OnePointNav/strings/xcode/CMakeFiles/CMakeTmp/CMAKE_TRY_COMPILE.build/Debug/cmTC_5f21c.build/Objects-normal/x86_64/cmTC_5f21c_dependency_info.dat -o /Users/esevalero/Desktop/OnePointNav/strings/xcode/CMakeFiles/CMakeTmp/Debug/cmTC_5f21c

** BUILD SUCCEEDED **



    Feature record: CXX_FEATURE:1cxx_aggregate_default_initializers
    Feature record: CXX_FEATURE:1cxx_alias_templates
    Feature record: CXX_FEATURE:1cxx_alignas
    Feature record: CXX_FEATURE:1cxx_alignof
    Feature record: CXX_FEATURE:1cxx_attributes
    Feature record: CXX_FEATURE:1cxx_attribute_deprecated
    Feature record: CXX_FEATURE:1cxx_auto_type
    Feature record: CXX_FEATURE:1cxx_binary_literals
    Feature record: CXX_FEATURE:1cxx_constexpr
    Feature record: CXX_FEATURE:1cxx_contextual_conversions
    Feature record: CXX_FEATURE:1cxx_decltype
    Feature record: CXX_FEATURE:1cxx_decltype_auto
    Feature record: CXX_FEATURE:1cxx_decltype_incomplete_return_types
    Feature record: CXX_FEATURE:1cxx_default_function_template_args
    Feature record: CXX_FEATURE:1cxx_defaulted_functions
    Feature record: CXX_FEATURE:1cxx_defaulted_move_initializers
    Feature record: CXX_FEATURE:1cxx_delegating_constructors
    Feature record: CXX_FEATURE:1cxx_deleted_functions
    Feature record: CXX_FEATURE:1cxx_digit_separators
    Feature record: CXX_FEATURE:1cxx_enum_forward_declarations
    Feature record: CXX_FEATURE:1cxx_explicit_conversions
    Feature record: CXX_FEATURE:1cxx_extended_friend_declarations
    Feature record: CXX_FEATURE:1cxx_extern_templates
    Feature record: CXX_FEATURE:1cxx_final
    Feature record: CXX_FEATURE:1cxx_func_identifier
    Feature record: CXX_FEATURE:1cxx_generalized_initializers
    Feature record: CXX_FEATURE:1cxx_generic_lambdas
    Feature record: CXX_FEATURE:1cxx_inheriting_constructors
    Feature record: CXX_FEATURE:1cxx_inline_namespaces
    Feature record: CXX_FEATURE:1cxx_lambdas
    Feature record: CXX_FEATURE:1cxx_lambda_init_captures
    Feature record: CXX_FEATURE:1cxx_local_type_template_args
    Feature record: CXX_FEATURE:1cxx_long_long_type
    Feature record: CXX_FEATURE:1cxx_noexcept
    Feature record: CXX_FEATURE:1cxx_nonstatic_member_init
    Feature record: CXX_FEATURE:1cxx_nullptr
    Feature record: CXX_FEATURE:1cxx_override
    Feature record: CXX_FEATURE:1cxx_range_for
    Feature record: CXX_FEATURE:1cxx_raw_string_literals
    Feature record: CXX_FEATURE:1cxx_reference_qualified_functions
    Feature record: CXX_FEATURE:1cxx_relaxed_constexpr
    Feature record: CXX_FEATURE:1cxx_return_type_deduction
    Feature record: CXX_FEATURE:1cxx_right_angle_brackets
    Feature record: CXX_FEATURE:1cxx_rvalue_references
    Feature record: CXX_FEATURE:1cxx_sizeof_member
    Feature record: CXX_FEATURE:1cxx_static_assert
    Feature record: CXX_FEATURE:1cxx_strong_enums
    Feature record: CXX_FEATURE:1cxx_template_template_parameters
    Feature record: CXX_FEATURE:0cxx_thread_local
    Feature record: CXX_FEATURE:1cxx_trailing_return_types
    Feature record: CXX_FEATURE:1cxx_unicode_literals
    Feature record: CXX_FEATURE:1cxx_uniform_initialization
    Feature record: CXX_FEATURE:1cxx_unrestricted_unions
    Feature record: CXX_FEATURE:1cxx_user_literals
    Feature record: CXX_FEATURE:1cxx_variable_templates
    Feature record: CXX_FEATURE:1cxx_variadic_macros
    Feature record: CXX_FEATURE:1cxx_variadic_templates


Detecting CXX [-std=c++11] compiler features compiled with the following output:
Change Dir: /Users/esevalero/Desktop/OnePointNav/strings/xcode/CMakeFiles/CMakeTmp

Run Build Command:"/usr/bin/xcodebuild" "-project" "CMAKE_TRY_COMPILE.xcodeproj" "build" "-target" "cmTC_39bb6" "-configuration" "Debug"
=== BUILD TARGET cmTC_39bb6 OF PROJECT CMAKE_TRY_COMPILE WITH CONFIGURATION Debug ===

Check dependencies

Write auxiliary files
/bin/mkdir -p /Users/esevalero/Desktop/OnePointNav/strings/xcode/CMakeFiles/CMakeTmp/CMAKE_TRY_COMPILE.build/Debug/cmTC_39bb6.build/Objects-normal/x86_64
write-file /Users/esevalero/Desktop/OnePointNav/strings/xcode/CMakeFiles/CMakeTmp/CMAKE_TRY_COMPILE.build/Debug/cmTC_39bb6.build/Objects-normal/x86_64/cmTC_39bb6.LinkFileList

CompileC CMAKE_TRY_COMPILE.build/Debug/cmTC_39bb6.build/Objects-normal/x86_64/feature_tests.o /Users/esevalero/Desktop/OnePointNav/strings/xcode/CMakeFiles/feature_tests.cxx normal x86_64 c++ com.apple.compilers.llvm.clang.1_0.compiler
    cd /Users/esevalero/Desktop/OnePointNav/strings/xcode/CMakeFiles/CMakeTmp
    export LANG=en_US.US-ASCII
    /Applications/Xcode.app/Contents/Developer/Toolchains/XcodeDefault.xctoolchain/usr/bin/clang -x c++ -arch x86_64 -fmessage-length=0 -fdiagnostics-show-note-include-stack -fmacro-backtrace-limit=0 -Wno-trigraphs -fpascal-strings -O0 -Wno-missing-field-initializers -Wno-missing-prototypes -Wno-return-type -Wno-non-virtual-dtor -Wno-overloaded-virtual -Wno-exit-time-destructors -Wno-missing-braces -Wparentheses -Wswitch -Wno-unused-function -Wno-unused-label -Wno-unused-parameter -Wno-unused-variable -Wunused-value -Wno-empty-body -Wno-uninitialized -Wno-unknown-pragmas -Wno-shadow -Wno-four-char-constants -Wno-conversion -Wno-constant-conversion -Wno-int-conversion -Wno-bool-conversion -Wno-enum-conversion -Wno-shorten-64-to-32 -Wno-newline-eof -Wno-c++11-extensions -DCMAKE_INTDIR=\"Debug\" -isysroot /Applications/Xcode.app/Contents/Developer/Platforms/MacOSX.platform/Developer/SDKs/MacOSX10.11.sdk -fasm-blocks -fstrict-aliasing -Wdeprecated-declarations -Winvalid-offsetof -mmacosx-version-min=10.10 -g -Wno-sign-conversion -I/Users/esevalero/Desktop/OnePointNav/strings/xcode/CMakeFiles/CMakeTmp/Debug/include -I/Users/esevalero/Desktop/OnePointNav/strings/xcode/CMakeFiles/CMakeTmp/CMAKE_TRY_COMPILE.build/Debug/cmTC_39bb6.build/DerivedSources/x86_64 -I/Users/esevalero/Desktop/OnePointNav/strings/xcode/CMakeFiles/CMakeTmp/CMAKE_TRY_COMPILE.build/Debug/cmTC_39bb6.build/DerivedSources -Wmost -Wno-four-char-constants -Wno-unknown-pragmas -F/Users/esevalero/Desktop/OnePointNav/strings/xcode/CMakeFiles/CMakeTmp/Debug -std=c++11 -MMD -MT dependencies -MF /Users/esevalero/Desktop/OnePointNav/strings/xcode/CMakeFiles/CMakeTmp/CMAKE_TRY_COMPILE.build/Debug/cmTC_39bb6.build/Objects-normal/x86_64/feature_tests.d --serialize-diagnostics /Users/esevalero/Desktop/OnePointNav/strings/xcode/CMakeFiles/CMakeTmp/CMAKE_TRY_COMPILE.build/Debug/cmTC_39bb6.build/Objects-normal/x86_64/feature_tests.dia -c /Users/esevalero/Desktop/OnePointNav/strings/xcode/CMakeFiles/feature_tests.cxx -o /Users/esevalero/Desktop/OnePointNav/strings/xcode/CMakeFiles/CMakeTmp/CMAKE_TRY_COMPILE.build/Debug/cmTC_39bb6.build/Objects-normal/x86_64/feature_tests.o

Ld Debug/cmTC_39bb6 normal x86_64
    cd /Users/esevalero/Desktop/OnePointNav/strings/xcode/CMakeFiles/CMakeTmp
    export MACOSX_DEPLOYMENT_TARGET=10.10
    /Applications/Xcode.app/Contents/Developer/Toolchains/XcodeDefault.xctoolchain/usr/bin/clang++ -arch x86_64 -isysroot /Applications/Xcode.app/Contents/Developer/Platforms/MacOSX.platform/Developer/SDKs/MacOSX10.11.sdk -L/Users/esevalero/Desktop/OnePointNav/strings/xcode/CMakeFiles/CMakeTmp/Debug -F/Users/esevalero/Desktop/OnePointNav/strings/xcode/CMakeFiles/CMakeTmp/Debug -filelist /Users/esevalero/Desktop/OnePointNav/strings/xcode/CMakeFiles/CMakeTmp/CMAKE_TRY_COMPILE.build/Debug/cmTC_39bb6.build/Objects-normal/x86_64/cmTC_39bb6.LinkFileList -mmacosx-version-min=10.10 -Wl,-search_paths_first -Wl,-headerpad_max_install_names -Xlinker -dependency_info -Xlinker /Users/esevalero/Desktop/OnePointNav/strings/xcode/CMakeFiles/CMakeTmp/CMAKE_TRY_COMPILE.build/Debug/cmTC_39bb6.build/Objects-normal/x86_64/cmTC_39bb6_dependency_info.dat -o /Users/esevalero/Desktop/OnePointNav/strings/xcode/CMakeFiles/CMakeTmp/Debug/cmTC_39bb6

** BUILD SUCCEEDED **



    Feature record: CXX_FEATURE:0cxx_aggregate_default_initializers
    Feature record: CXX_FEATURE:1cxx_alias_templates
    Feature record: CXX_FEATURE:1cxx_alignas
    Feature record: CXX_FEATURE:1cxx_alignof
    Feature record: CXX_FEATURE:1cxx_attributes
    Feature record: CXX_FEATURE:0cxx_attribute_deprecated
    Feature record: CXX_FEATURE:1cxx_auto_type
    Feature record: CXX_FEATURE:0cxx_binary_literals
    Feature record: CXX_FEATURE:1cxx_constexpr
    Feature record: CXX_FEATURE:0cxx_contextual_conversions
    Feature record: CXX_FEATURE:1cxx_decltype
    Feature record: CXX_FEATURE:0cxx_decltype_auto
    Feature record: CXX_FEATURE:1cxx_decltype_incomplete_return_types
    Feature record: CXX_FEATURE:1cxx_default_function_template_args
    Feature record: CXX_FEATURE:1cxx_defaulted_functions
    Feature record: CXX_FEATURE:1cxx_defaulted_move_initializers
    Feature record: CXX_FEATURE:1cxx_delegating_constructors
    Feature record: CXX_FEATURE:1cxx_deleted_functions
    Feature record: CXX_FEATURE:0cxx_digit_separators
    Feature record: CXX_FEATURE:1cxx_enum_forward_declarations
    Feature record: CXX_FEATURE:1cxx_explicit_conversions
    Feature record: CXX_FEATURE:1cxx_extended_friend_declarations
    Feature record: CXX_FEATURE:1cxx_extern_templates
    Feature record: CXX_FEATURE:1cxx_final
    Feature record: CXX_FEATURE:1cxx_func_identifier
    Feature record: CXX_FEATURE:1cxx_generalized_initializers
    Feature record: CXX_FEATURE:0cxx_generic_lambdas
    Feature record: CXX_FEATURE:1cxx_inheriting_constructors
    Feature record: CXX_FEATURE:1cxx_inline_namespaces
    Feature record: CXX_FEATURE:1cxx_lambdas
    Feature record: CXX_FEATURE:0cxx_lambda_init_captures
    Feature record: CXX_FEATURE:1cxx_local_type_template_args
    Feature record: CXX_FEATURE:1cxx_long_long_type
    Feature record: CXX_FEATURE:1cxx_noexcept
    Feature record: CXX_FEATURE:1cxx_nonstatic_member_init
    Feature record: CXX_FEATURE:1cxx_nullptr
    Feature record: CXX_FEATURE:1cxx_override
    Feature record: CXX_FEATURE:1cxx_range_for
    Feature record: CXX_FEATURE:1cxx_raw_string_literals
    Feature record: CXX_FEATURE:1cxx_reference_qualified_functions
    Feature record: CXX_FEATURE:0cxx_relaxed_constexpr
    Feature record: CXX_FEATURE:0cxx_return_type_deduction
    Feature record: CXX_FEATURE:1cxx_right_angle_brackets
    Feature record: CXX_FEATURE:1cxx_rvalue_references
    Feature record: CXX_FEATURE:1cxx_sizeof_member
    Feature record: CXX_FEATURE:1cxx_static_assert
    Feature record: CXX_FEATURE:1cxx_strong_enums
    Feature record: CXX_FEATURE:1cxx_template_template_parameters
    Feature record: CXX_FEATURE:0cxx_thread_local
    Feature record: CXX_FEATURE:1cxx_trailing_return_types
    Feature record: CXX_FEATURE:1cxx_unicode_literals
    Feature record: CXX_FEATURE:1cxx_uniform_initialization
    Feature record: CXX_FEATURE:1cxx_unrestricted_unions
    Feature record: CXX_FEATURE:1cxx_user_literals
    Feature record: CXX_FEATURE:0cxx_variable_templates
    Feature record: CXX_FEATURE:1cxx_variadic_macros
    Feature record: CXX_FEATURE:1cxx_variadic_templates


Detecting CXX [-std=c++98] compiler features compiled with the following output:
Change Dir: /Users/esevalero/Desktop/OnePointNav/strings/xcode/CMakeFiles/CMakeTmp

Run Build Command:"/usr/bin/xcodebuild" "-project" "CMAKE_TRY_COMPILE.xcodeproj" "build" "-target" "cmTC_292f3" "-configuration" "Debug"
=== BUILD TARGET cmTC_292f3 OF PROJECT CMAKE_TRY_COMPILE WITH CONFIGURATION Debug ===

Check dependencies

Write auxiliary files
/bin/mkdir -p /Users/esevalero/Desktop/OnePointNav/strings/xcode/CMakeFiles/CMakeTmp/CMAKE_TRY_COMPILE.build/Debug/cmTC_292f3.build/Objects-normal/x86_64
write-file /Users/esevalero/Desktop/OnePointNav/strings/xcode/CMakeFiles/CMakeTmp/CMAKE_TRY_COMPILE.build/Debug/cmTC_292f3.build/Objects-normal/x86_64/cmTC_292f3.LinkFileList

CompileC CMAKE_TRY_COMPILE.build/Debug/cmTC_292f3.build/Objects-normal/x86_64/feature_tests.o /Users/esevalero/Desktop/OnePointNav/strings/xcode/CMakeFiles/feature_tests.cxx normal x86_64 c++ com.apple.compilers.llvm.clang.1_0.compiler
    cd /Users/esevalero/Desktop/OnePointNav/strings/xcode/CMakeFiles/CMakeTmp
    export LANG=en_US.US-ASCII
    /Applications/Xcode.app/Contents/Developer/Toolchains/XcodeDefault.xctoolchain/usr/bin/clang -x c++ -arch x86_64 -fmessage-length=0 -fdiagnostics-show-note-include-stack -fmacro-backtrace-limit=0 -Wno-trigraphs -fpascal-strings -O0 -Wno-missing-field-initializers -Wno-missing-prototypes -Wno-return-type -Wno-non-virtual-dtor -Wno-overloaded-virtual -Wno-exit-time-destructors -Wno-missing-braces -Wparentheses -Wswitch -Wno-unused-function -Wno-unused-label -Wno-unused-parameter -Wno-unused-variable -Wunused-value -Wno-empty-body -Wno-uninitialized -Wno-unknown-pragmas -Wno-shadow -Wno-four-char-constants -Wno-conversion -Wno-constant-conversion -Wno-int-conversion -Wno-bool-conversion -Wno-enum-conversion -Wno-shorten-64-to-32 -Wno-newline-eof -Wno-c++11-extensions -DCMAKE_INTDIR=\"Debug\" -isysroot /Applications/Xcode.app/Contents/Developer/Platforms/MacOSX.platform/Developer/SDKs/MacOSX10.11.sdk -fasm-blocks -fstrict-aliasing -Wdeprecated-declarations -Winvalid-offsetof -mmacosx-version-min=10.10 -g -Wno-sign-conversion -I/Users/esevalero/Desktop/OnePointNav/strings/xcode/CMakeFiles/CMakeTmp/Debug/include -I/Users/esevalero/Desktop/OnePointNav/strings/xcode/CMakeFiles/CMakeTmp/CMAKE_TRY_COMPILE.build/Debug/cmTC_292f3.build/DerivedSources/x86_64 -I/Users/esevalero/Desktop/OnePointNav/strings/xcode/CMakeFiles/CMakeTmp/CMAKE_TRY_COMPILE.build/Debug/cmTC_292f3.build/DerivedSources -Wmost -Wno-four-char-constants -Wno-unknown-pragmas -F/Users/esevalero/Desktop/OnePointNav/strings/xcode/CMakeFiles/CMakeTmp/Debug -std=c++98 -MMD -MT dependencies -MF /Users/esevalero/Desktop/OnePointNav/strings/xcode/CMakeFiles/CMakeTmp/CMAKE_TRY_COMPILE.build/Debug/cmTC_292f3.build/Objects-normal/x86_64/feature_tests.d --serialize-diagnostics /Users/esevalero/Desktop/OnePointNav/strings/xcode/CMakeFiles/CMakeTmp/CMAKE_TRY_COMPILE.build/Debug/cmTC_292f3.build/Objects-normal/x86_64/feature_tests.dia -c /Users/esevalero/Desktop/OnePointNav/strings/xcode/CMakeFiles/feature_tests.cxx -o /Users/esevalero/Desktop/OnePointNav/strings/xcode/CMakeFiles/CMakeTmp/CMAKE_TRY_COMPILE.build/Debug/cmTC_292f3.build/Objects-normal/x86_64/feature_tests.o

Ld Debug/cmTC_292f3 normal x86_64
    cd /Users/esevalero/Desktop/OnePointNav/strings/xcode/CMakeFiles/CMakeTmp
    export MACOSX_DEPLOYMENT_TARGET=10.10
    /Applications/Xcode.app/Contents/Developer/Toolchains/XcodeDefault.xctoolchain/usr/bin/clang++ -arch x86_64 -isysroot /Applications/Xcode.app/Contents/Developer/Platforms/MacOSX.platform/Developer/SDKs/MacOSX10.11.sdk -L/Users/esevalero/Desktop/OnePointNav/strings/xcode/CMakeFiles/CMakeTmp/Debug -F/Users/esevalero/Desktop/OnePointNav/strings/xcode/CMakeFiles/CMakeTmp/Debug -filelist /Users/esevalero/Desktop/OnePointNav/strings/xcode/CMakeFiles/CMakeTmp/CMAKE_TRY_COMPILE.build/Debug/cmTC_292f3.build/Objects-normal/x86_64/cmTC_292f3.LinkFileList -mmacosx-version-min=10.10 -Wl,-search_paths_first -Wl,-headerpad_max_install_names -Xlinker -dependency_info -Xlinker /Users/esevalero/Desktop/OnePointNav/strings/xcode/CMakeFiles/CMakeTmp/CMAKE_TRY_COMPILE.build/Debug/cmTC_292f3.build/Objects-normal/x86_64/cmTC_292f3_dependency_info.dat -o /Users/esevalero/Desktop/OnePointNav/strings/xcode/CMakeFiles/CMakeTmp/Debug/cmTC_292f3

** BUILD SUCCEEDED **



    Feature record: CXX_FEATURE:0cxx_aggregate_default_initializers
    Feature record: CXX_FEATURE:0cxx_alias_templates
    Feature record: CXX_FEATURE:0cxx_alignas
    Feature record: CXX_FEATURE:0cxx_alignof
    Feature record: CXX_FEATURE:0cxx_attributes
    Feature record: CXX_FEATURE:0cxx_attribute_deprecated
    Feature record: CXX_FEATURE:0cxx_auto_type
    Feature record: CXX_FEATURE:0cxx_binary_literals
    Feature record: CXX_FEATURE:0cxx_constexpr
    Feature record: CXX_FEATURE:0cxx_contextual_conversions
    Feature record: CXX_FEATURE:0cxx_decltype
    Feature record: CXX_FEATURE:0cxx_decltype_auto
    Feature record: CXX_FEATURE:0cxx_decltype_incomplete_return_types
    Feature record: CXX_FEATURE:0cxx_default_function_template_args
    Feature record: CXX_FEATURE:0cxx_defaulted_functions
    Feature record: CXX_FEATURE:0cxx_defaulted_move_initializers
    Feature record: CXX_FEATURE:0cxx_delegating_constructors
    Feature record: CXX_FEATURE:0cxx_deleted_functions
    Feature record: CXX_FEATURE:0cxx_digit_separators
    Feature record: CXX_FEATURE:0cxx_enum_forward_declarations
    Feature record: CXX_FEATURE:0cxx_explicit_conversions
    Feature record: CXX_FEATURE:0cxx_extended_friend_declarations
    Feature record: CXX_FEATURE:0cxx_extern_templates
    Feature record: CXX_FEATURE:0cxx_final
    Feature record: CXX_FEATURE:0cxx_func_identifier
    Feature record: CXX_FEATURE:0cxx_generalized_initializers
    Feature record: CXX_FEATURE:0cxx_generic_lambdas
    Feature record: CXX_FEATURE:0cxx_inheriting_constructors
    Feature record: CXX_FEATURE:0cxx_inline_namespaces
    Feature record: CXX_FEATURE:0cxx_lambdas
    Feature record: CXX_FEATURE:0cxx_lambda_init_captures
    Feature record: CXX_FEATURE:0cxx_local_type_template_args
    Feature record: CXX_FEATURE:0cxx_long_long_type
    Feature record: CXX_FEATURE:0cxx_noexcept
    Feature record: CXX_FEATURE:0cxx_nonstatic_member_init
    Feature record: CXX_FEATURE:0cxx_nullptr
    Feature record: CXX_FEATURE:0cxx_override
    Feature record: CXX_FEATURE:0cxx_range_for
    Feature record: CXX_FEATURE:0cxx_raw_string_literals
    Feature record: CXX_FEATURE:0cxx_reference_qualified_functions
    Feature record: CXX_FEATURE:0cxx_relaxed_constexpr
    Feature record: CXX_FEATURE:0cxx_return_type_deduction
    Feature record: CXX_FEATURE:0cxx_right_angle_brackets
    Feature record: CXX_FEATURE:0cxx_rvalue_references
    Feature record: CXX_FEATURE:0cxx_sizeof_member
    Feature record: CXX_FEATURE:0cxx_static_assert
    Feature record: CXX_FEATURE:0cxx_strong_enums
    Feature record: CXX_FEATURE:1cxx_template_template_parameters
    Feature record: CXX_FEATURE:0cxx_thread_local
    Feature record: CXX_FEATURE:0cxx_trailing_return_types
    Feature record: CXX_FEATURE:0cxx_unicode_literals
    Feature record: CXX_FEATURE:0cxx_uniform_initialization
    Feature record: CXX_FEATURE:0cxx_unrestricted_unions
    Feature record: CXX_FEATURE:0cxx_user_literals
    Feature record: CXX_FEATURE:0cxx_variable_templates
    Feature record: CXX_FEATURE:0cxx_variadic_macros
    Feature record: CXX_FEATURE:0cxx_variadic_templates
